convex/agents/analytics.ts(1062,7): error TS2532: Object is possibly 'undefined'.
convex/agents/analytics.ts(1067,9): error TS2532: Object is possibly 'undefined'.
convex/agents/analytics.ts(1068,7): error TS2532: Object is possibly 'undefined'.
convex/agents/analytics.ts(1068,29): error TS2532: Object is possibly 'undefined'.
convex/agents/analytics.ts(1083,57): error TS2532: Object is possibly 'undefined'.
convex/agents/analytics.ts(1083,99): error TS2532: Object is possibly 'undefined'.
convex/agents/analytics.ts(1287,27): error TS2532: Object is possibly 'undefined'.
convex/agents/analytics.ts(1287,58): error TS18048: 'sum' is possibly 'undefined'.
convex/agents/analytics.ts(1658,39): error TS7006: Parameter 'acc' implicitly has an 'any' type.
convex/agents/analytics.ts(1658,44): error TS7006: Parameter 'c' implicitly has an 'any' type.
convex/agents/analytics.ts(1678,45): error TS7006: Parameter 'acc' implicitly has an 'any' type.
convex/agents/analytics.ts(1678,50): error TS7006: Parameter 'i' implicitly has an 'any' type.
convex/agents/analytics.ts(1686,49): error TS7006: Parameter 'sum' implicitly has an 'any' type.
convex/agents/analytics.ts(1686,54): error TS7006: Parameter 'c' implicitly has an 'any' type.
convex/agents/analytics.ts(1689,51): error TS7006: Parameter 'c' implicitly has an 'any' type.
convex/agents/analytics.ts(1697,25): error TS7006: Parameter 't' implicitly has an 'any' type.
convex/agents/analytics.ts(1700,28): error TS7006: Parameter 'i' implicitly has an 'any' type.
convex/agents/analytics.ts(1700,73): error TS7006: Parameter 'i' implicitly has an 'any' type.
convex/agents/analytics.ts(1727,45): error TS7006: Parameter 'c' implicitly has an 'any' type.
convex/agents/analytics.ts(1730,53): error TS7006: Parameter 'c' implicitly has an 'any' type.
convex/agents/analytics.ts(1735,52): error TS7006: Parameter 'c' implicitly has an 'any' type.
convex/agents/analytics.ts(1742,44): error TS7006: Parameter 'c' implicitly has an 'any' type.
convex/agents/analytics.ts(1743,55): error TS7006: Parameter 'sum' implicitly has an 'any' type.
convex/agents/analytics.ts(1743,60): error TS7006: Parameter 'c' implicitly has an 'any' type.
convex/agents/analytics.ts(2359,7): error TS18048: 'schedule.noEndDate' is possibly 'undefined'.
convex/agents/analytics.ts(2366,24): error TS18048: 'schedule.expired' is possibly 'undefined'.
convex/agents/analytics.ts(2367,31): error TS18048: 'schedule.within30Days' is possibly 'undefined'.
convex/agents/analytics.ts(2368,31): error TS18048: 'schedule.within90Days' is possibly 'undefined'.
convex/agents/analytics.ts(2369,32): error TS18048: 'schedule.within180Days' is possibly 'undefined'.
convex/agents/analytics.ts(2370,32): error TS18048: 'schedule.within1Year' is possibly 'undefined'.
convex/agents/analytics.ts(2371,10): error TS18048: 'schedule.beyond1Year' is possibly 'undefined'.
convex/agents/analytics.ts(2627,40): error TS18048: 'a' is possibly 'undefined'.
convex/agents/analytics.ts(2627,44): error TS18048: 'b' is possibly 'undefined'.
convex/agents/analytics.ts(2628,48): error TS18048: 'sum' is possibly 'undefined'.
convex/agents/analytics.ts(2628,55): error TS18048: 'val' is possibly 'undefined'.
convex/agents/analytics.ts(2631,22): error TS18048: 'sumXY' is possibly 'undefined'.
convex/agents/analytics.ts(2631,37): error TS18048: 'sumY' is possibly 'undefined'.
convex/agents/analytics.ts(2632,22): error TS18048: 'sumY' is possibly 'undefined'.
convex/agents/analytics.ts(2821,18): error TS2538: Type 'undefined' cannot be used as an index type.
convex/agents/analytics.ts(2821,60): error TS2538: Type 'undefined' cannot be used as an index type.
convex/agents/analytics.ts(3173,40): error TS18048: 'args.trendType' is possibly 'undefined'.
convex/agents/financial.ts(239,37): error TS2345: Argument of type 'Id<"contracts"> | undefined' is not assignable to parameter of type 'Id<"contracts">'.
  Type 'undefined' is not assignable to type 'Id<"contracts">'.
    Type 'undefined' is not assignable to type 'string'.
convex/agents/financial.ts(263,9): error TS2353: Object literal may only specify known properties, and 'mitigation' does not exist in type 'FinancialRisk'.
convex/agents/financial.ts(271,31): error TS2339: Property 'paymentStructure' does not exist on type 'FinancialSummary'.
convex/agents/financial.ts(278,9): error TS2353: Object literal may only specify known properties, and 'mitigation' does not exist in type 'FinancialRisk'.
convex/agents/financial.ts(288,7): error TS2353: Object literal may only specify known properties, and 'potential' does not exist in type 'FinancialOpportunity'.
convex/agents/financial.ts(296,5): error TS2353: Object literal may only specify known properties, and 'annualizedValue' does not exist in type 'FinancialMetrics'.
convex/agents/financial.ts(708,31): error TS2532: Object is possibly 'undefined'.
convex/agents/financial.ts(708,61): error TS18048: 'a' is possibly 'undefined'.
convex/agents/financial.ts(708,65): error TS18048: 'b' is possibly 'undefined'.
convex/agents/financial.ts(711,42): error TS2345: Argument of type '(number | undefined)[]' is not assignable to parameter of type 'number[]'.
  Type 'number | undefined' is not assignable to type 'number'.
    Type 'undefined' is not assignable to type 'number'.
convex/agents/financial.ts(763,31): error TS2532: Object is possibly 'undefined'.
convex/agents/financial.ts(1128,8): error TS2532: Object is possibly 'undefined'.
convex/agents/financial.ts(1128,40): error TS2532: Object is possibly 'undefined'.
convex/agents/financial.ts(1131,26): error TS2322: Type 'number | undefined' is not assignable to type 'number'.
  Type 'undefined' is not assignable to type 'number'.
convex/agents/financial.ts(1161,33): error TS2532: Object is possibly 'undefined'.
convex/agents/financial.ts(1165,11): error TS18048: 'dateStr' is possibly 'undefined'.
convex/agents/financial.ts(1166,23): error TS18048: 'dateStr' is possibly 'undefined'.
convex/agents/financial.ts(1168,36): error TS2532: Object is possibly 'undefined'.
convex/agents/financial.ts(1168,65): error TS2532: Object is possibly 'undefined'.
convex/agents/financial.ts(1173,34): error TS2769: No overload matches this call.
  Overload 1 of 4, '(value: string | number | Date): Date', gave the following error.
    Argument of type 'string | undefined' is not assignable to parameter of type 'string | number | Date'.
      Type 'undefined' is not assignable to type 'string | number | Date'.
  Overload 2 of 4, '(value: string | number): Date', gave the following error.
    Argument of type 'string | undefined' is not assignable to parameter of type 'string | number'.
      Type 'undefined' is not assignable to type 'string | number'.
convex/agents/manager.ts(143,36): error TS2379: Argument of type '{ isRunning: true; status: "running"; lastStarted: string; errorMessage: undefined; }' is not assignable to parameter of type 'Partial<{ _id: Id<"agentSystem">; _creationTime: number; lastStarted?: string; lastStopped?: string; errorMessage?: string; config?: { notifications?: { emailEnabled: boolean; slackEnabled: boolean; webhookEnabled: boolean; } | undefined; ... 7 more ...; logRetentionDays: number; }; metrics?: { ...; }; isRunning: bo...' with 'exactOptionalPropertyTypes: true'. Consider adding 'undefined' to the types of the target's properties.
  Types of property 'errorMessage' are incompatible.
    Type 'undefined' is not assignable to type 'string'.
convex/analytics.ts(194,9): error TS2375: Type '{ vendorId: Id<"vendors">; vendorName: string; category: "legal" | "technology" | "marketing" | "finance" | "hr" | "facilities" | "logistics" | "manufacturing" | "consulting" | "other" | undefined; }' is not assignable to type '{ contractId?: string; contractTitle?: string; status?: string; vendorId?: string; vendorName?: string; category?: string; }' with 'exactOptionalPropertyTypes: true'. Consider adding 'undefined' to the types of the target's properties.
  Types of property 'category' are incompatible.
    Type 'string | undefined' is not assignable to type 'string'.
      Type 'undefined' is not assignable to type 'string'.
convex/contracts.ts(116,57): error TS2379: Argument of type '{ enterpriseId: Id<"enterprises">; vendorId: Id<"vendors">; title: string; status: "draft"; contractType: "other" | "nda" | "msa" | "sow" | "saas" | "lease" | "employment" | "partnership" | undefined; ... 5 more ...; createdAt: string; }' is not assignable to parameter of type '{ notes?: string; contractType?: "other" | "nda" | "msa" | "sow" | "saas" | "lease" | "employment" | "partnership"; value?: number; startDate?: string; endDate?: string; extractedParties?: string[]; ... 14 more ...; fileType: string; }' with 'exactOptionalPropertyTypes: true'. Consider adding 'undefined' to the types of the target's properties.
  Types of property 'notes' are incompatible.
    Type 'string | undefined' is not assignable to type 'string'.
      Type 'undefined' is not assignable to type 'string'.
convex/contracts.ts(213,55): error TS2345: Argument of type '{ numItems: number; }' is not assignable to parameter of type 'PaginationOptions'.
  Property 'cursor' is missing in type '{ numItems: number; }' but required in type 'PaginationOptions'.
convex/contracts.ts(260,14): error TS7022: 'getContractsSimple' implicitly has type 'any' because it does not have a type annotation and is referenced directly or indirectly in its own initializer.
convex/contracts.ts(264,3): error TS7023: 'handler' implicitly has return type 'any' because it does not have a return type annotation and is referenced directly or indirectly in one of its return expressions.
convex/contracts.ts(265,11): error TS7022: 'result' implicitly has type 'any' because it does not have a type annotation and is referenced directly or indirectly in its own initializer.
convex/contracts.ts(583,41): error TS2379: Argument of type '{ extractedParties?: string[] | undefined; extractedStartDate?: string | undefined; extractedEndDate?: string | undefined; extractedPaymentSchedule?: string | undefined; extractedPricing?: string | undefined; extractedScope?: string | undefined; analysisStatus: "completed"; analysisError: undefined; status: "active"...' is not assignable to parameter of type 'Partial<{ _id: Id<"contracts">; _creationTime: number; notes?: string; contractType?: "other" | "nda" | "msa" | "sow" | "saas" | "lease" | "employment" | "partnership"; value?: number; startDate?: string; ... 16 more ...; fileType: string; }>' with 'exactOptionalPropertyTypes: true'. Consider adding 'undefined' to the types of the target's properties.
  Types of property 'extractedParties' are incompatible.
    Type 'string[] | undefined' is not assignable to type 'string[]'.
      Type 'undefined' is not assignable to type 'string[]'.
convex/contracts.ts(760,41): error TS2379: Argument of type '{ analysisStatus: "pending"; analysisError: undefined; }' is not assignable to parameter of type 'Partial<{ _id: Id<"contracts">; _creationTime: number; notes?: string; contractType?: "other" | "nda" | "msa" | "sow" | "saas" | "lease" | "employment" | "partnership"; value?: number; startDate?: string; ... 16 more ...; fileType: string; }>' with 'exactOptionalPropertyTypes: true'. Consider adding 'undefined' to the types of the target's properties.
  Types of property 'analysisError' are incompatible.
    Type 'undefined' is not assignable to type 'string'.
convex/contracts.ts(784,43): error TS2379: Argument of type '{ analysisStatus: "processing"; analysisError: undefined; }' is not assignable to parameter of type 'Partial<{ _id: Id<"contracts">; _creationTime: number; notes?: string; contractType?: "other" | "nda" | "msa" | "sow" | "saas" | "lease" | "employment" | "partnership"; value?: number; startDate?: string; ... 16 more ...; fileType: string; }>' with 'exactOptionalPropertyTypes: true'. Consider adding 'undefined' to the types of the target's properties.
  Types of property 'analysisError' are incompatible.
    Type 'undefined' is not assignable to type 'string'.
convex/enterprises.ts(38,61): error TS2379: Argument of type '{ name: string; domain: string | undefined; }' is not assignable to parameter of type '{ domain?: string; industry?: string; size?: "1-10" | "11-50" | "51-200" | "201-500" | "501-1000" | "1000+"; contractVolume?: "low" | "medium" | "high" | "enterprise"; primaryUseCase?: string[]; name: string; }' with 'exactOptionalPropertyTypes: true'. Consider adding 'undefined' to the types of the target's properties.
  Types of property 'domain' are incompatible.
    Type 'string | undefined' is not assignable to type 'string'.
      Type 'undefined' is not assignable to type 'string'.
convex/enterprises.ts(44,34): error TS2379: Argument of type '{ clerkId: string; email: string; firstName: string | undefined; lastName: string | undefined; enterpriseId: Id<"enterprises">; role: "owner"; isActive: true; lastLoginAt: string; createdAt: string; }' is not assignable to parameter of type '{ updatedAt?: string; title?: string; isActive?: boolean; firstName?: string; lastName?: string; lastLoginAt?: string; phoneNumber?: string; department?: string; createdAt: string; email: string; clerkId: string; enterpriseId: Id<...>; role: "user" | ... 3 more ... | "viewer"; }' with 'exactOptionalPropertyTypes: true'. Consider adding 'undefined' to the types of the target's properties.
  Types of property 'firstName' are incompatible.
    Type 'string | undefined' is not assignable to type 'string'.
      Type 'undefined' is not assignable to type 'string'.
convex/enterprises.ts(511,43): error TS2379: Argument of type '{ clerkId: string; email: string; firstName: string | undefined; lastName: string | undefined; enterpriseId: Id<"enterprises">; role: "user" | "manager" | "owner" | "admin" | "viewer"; isActive: true; lastLoginAt: string; createdAt: string; }' is not assignable to parameter of type '{ updatedAt?: string; title?: string; isActive?: boolean; firstName?: string; lastName?: string; lastLoginAt?: string; phoneNumber?: string; department?: string; createdAt: string; email: string; clerkId: string; enterpriseId: Id<...>; role: "user" | ... 3 more ... | "viewer"; }' with 'exactOptionalPropertyTypes: true'. Consider adding 'undefined' to the types of the target's properties.
  Types of property 'firstName' are incompatible.
    Type 'string | undefined' is not assignable to type 'string'.
      Type 'undefined' is not assignable to type 'string'.
convex/events.ts(39,43): error TS2379: Argument of type '{ enterpriseId: Id<"enterprises">; userId: Id<"users">; eventType: "contract_created" | "system_alert" | "contract_updated" | "contract_deleted" | "vendor_updated" | "vendor_created" | "analysis_completed" | "notification_created" | "user_joined" | "user_left"; ... 5 more ...; processed: false; }' is not assignable to parameter of type '{ data?: any; resourceId?: string; resourceType?: string; targetUsers?: Id<"users">[]; timestamp: string; userId: Id<"users">; eventType: "contract_created" | "system_alert" | "contract_updated" | ... 6 more ... | "user_left"; enterpriseId: Id<...>; processed: boolean; }' with 'exactOptionalPropertyTypes: true'. Consider adding 'undefined' to the types of the target's properties.
  Types of property 'resourceId' are incompatible.
    Type 'string | undefined' is not assignable to type 'string'.
      Type 'undefined' is not assignable to type 'string'.
convex/events.ts(182,43): error TS2379: Argument of type '{ enterpriseId: Id<"enterprises">; userId: Id<"users">; eventType: "system_alert"; resourceType: string; data: { alertType: "update" | "info" | "maintenance" | "security"; title: string; message: string; severity: "low" | ... 2 more ... | "critical"; }; targetUsers: Id<...>[] | undefined; timestamp: string; processe...' is not assignable to parameter of type '{ data?: any; resourceId?: string; resourceType?: string; targetUsers?: Id<"users">[]; timestamp: string; userId: Id<"users">; eventType: "contract_created" | "system_alert" | "contract_updated" | ... 6 more ... | "user_left"; enterpriseId: Id<...>; processed: boolean; }' with 'exactOptionalPropertyTypes: true'. Consider adding 'undefined' to the types of the target's properties.
  Types of property 'targetUsers' are incompatible.
    Type 'Id<"users">[] | undefined' is not assignable to type 'Id<"users">[]'.
      Type 'undefined' is not assignable to type 'Id<"users">[]'.
convex/events.ts(319,42): error TS2379: Argument of type '{ userId: Id<"users">; enterpriseId: Id<"enterprises">; resourceId: string; resourceType: string; field: string | undefined; lastTyped: string; }' is not assignable to parameter of type 'Partial<{ _id: Id<"typingIndicators">; _creationTime: number; field?: string; userId: Id<"users">; enterpriseId: Id<"enterprises">; resourceId: string; resourceType: string; lastTyped: string; }>' with 'exactOptionalPropertyTypes: true'. Consider adding 'undefined' to the types of the target's properties.
  Types of property 'field' are incompatible.
    Type 'string | undefined' is not assignable to type 'string'.
      Type 'undefined' is not assignable to type 'string'.
convex/events.ts(321,49): error TS2379: Argument of type '{ userId: Id<"users">; enterpriseId: Id<"enterprises">; resourceId: string; resourceType: string; field: string | undefined; lastTyped: string; }' is not assignable to parameter of type '{ field?: string; userId: Id<"users">; enterpriseId: Id<"enterprises">; resourceId: string; resourceType: string; lastTyped: string; }' with 'exactOptionalPropertyTypes: true'. Consider adding 'undefined' to the types of the target's properties.
  Types of property 'field' are incompatible.
    Type 'string | undefined' is not assignable to type 'string'.
      Type 'undefined' is not assignable to type 'string'.
convex/monitoring.ts(44,61): error TS2379: Argument of type '{ authenticatedUserId: Id<"users"> | undefined; enterpriseId: Id<"enterprises"> | undefined; serverTimestamp: number; createdAt: string; userId?: string | undefined; userAgent?: string | undefined; ... 5 more ...; sessionId: string; }' is not assignable to parameter of type '{ userId?: string; userAgent?: string; enterpriseId?: Id<"enterprises">; properties?: any; ip?: string; authenticatedUserId?: Id<"users">; createdAt: string; timestamp: number; event: string; url: string; sessionId: string; serverTimestamp: number; }' with 'exactOptionalPropertyTypes: true'. Consider adding 'undefined' to the types of the target's properties.
  Types of property 'userId' are incompatible.
    Type 'string | undefined' is not assignable to type 'string'.
      Type 'undefined' is not assignable to type 'string'.
convex/monitoring.ts(95,43): error TS2379: Argument of type '{ authenticatedUserId: Id<"users"> | undefined; enterpriseId: Id<"enterprises"> | undefined; serverTimestamp: number; createdAt: string; userId?: string | undefined; userAgent?: string | undefined; ... 5 more ...; sessionId: string; }' is not assignable to parameter of type '{ userId?: string; userAgent?: string; enterpriseId?: Id<"enterprises">; properties?: any; ip?: string; authenticatedUserId?: Id<"users">; createdAt: string; timestamp: number; event: string; url: string; sessionId: string; serverTimestamp: number; }' with 'exactOptionalPropertyTypes: true'. Consider adding 'undefined' to the types of the target's properties.
  Types of property 'userId' are incompatible.
    Type 'string | undefined' is not assignable to type 'string'.
      Type 'undefined' is not assignable to type 'string'.
convex/monitoring.ts(189,58): error TS2379: Argument of type '{ authenticatedUserId: Id<"users"> | undefined; enterpriseId: Id<"enterprises"> | undefined; serverTimestamp: number; createdAt: string; userId?: string | undefined; stack?: string | undefined; ... 5 more ...; sessionId: string; }' is not assignable to parameter of type '{ userId?: string; enterpriseId?: Id<"enterprises">; authenticatedUserId?: Id<"users">; stack?: string; context?: any; message: string; createdAt: string; timestamp: number; userAgent: string; url: string; sessionId: string; serverTimestamp: number; }' with 'exactOptionalPropertyTypes: true'. Consider adding 'undefined' to the types of the target's properties.
  Types of property 'userId' are incompatible.
    Type 'string | undefined' is not assignable to type 'string'.
      Type 'undefined' is not assignable to type 'string'.
convex/monitoring.ts(280,35): error TS2339: Property 'insert' does not exist on type 'GenericDatabaseReader<{ vendors: { document: { _id: Id<"vendors">; _creationTime: number; status?: "inactive" | "active"; category?: "legal" | "technology" | "marketing" | "finance" | "hr" | "facilities" | "logistics" | "manufacturing" | "consulting" | "other"; ... 7 more ...; enterpriseId: Id<...>; }; fieldPaths: E...'.
convex/monitoring.ts(289,20): error TS2339: Property 'delete' does not exist on type 'GenericDatabaseReader<{ vendors: { document: { _id: Id<"vendors">; _creationTime: number; status?: "inactive" | "active"; category?: "legal" | "technology" | "marketing" | "finance" | "hr" | "facilities" | "logistics" | "manufacturing" | "consulting" | "other"; ... 7 more ...; enterpriseId: Id<...>; }; fieldPaths: E...'.
convex/notifications.ts(92,65): error TS2379: Argument of type '{ recipientId: Id<"users">; type: "contract_expiration" | "contract_created" | "approval_required" | "payment_reminder" | "vendor_risk_alert" | "compliance_issue" | "task_assigned" | "system_alert" | "digest"; ... 13 more ...; createdAt: string; }' is not assignable to parameter of type '{ lastError?: string; contractId?: Id<"contracts">; vendorId?: Id<"vendors">; readAt?: string; scheduledFor?: string; taskId?: Id<"agentTasks">; deliveredAt?: string; lastAttemptAt?: string; ... 13 more ...; channels: ("in_app" | ... 1 more ... | "sms")[]; }' with 'exactOptionalPropertyTypes: true'. Consider adding 'undefined' to the types of the target's properties.
  Types of property 'contractId' are incompatible.
    Type 'Id<"contracts"> | undefined' is not assignable to type 'Id<"contracts">'.
      Type 'undefined' is not assignable to type 'Id<"contracts">'.
        Type 'undefined' is not assignable to type 'string'.
convex/notifications.ts(607,51): error TS2379: Argument of type '{ updatedAt: string; emailEnabled?: boolean | undefined; inAppEnabled?: boolean | undefined; smsEnabled?: boolean | undefined; contractNotifications?: boolean | undefined; approvalNotifications?: boolean | undefined; ... 10 more ...; emailDigestTime?: number | undefined; }' is not assignable to parameter of type 'Partial<{ _id: Id<"userNotificationPreferences">; _creationTime: number; updatedAt?: string; smsEnabled?: boolean; quietHoursStart?: number; quietHoursEnd?: number; timezone?: string; emailFrequency?: "immediate" | ... 2 more ... | "weekly"; ... 12 more ...; quietHoursEnabled: boolean; }>' with 'exactOptionalPropertyTypes: true'. Consider adding 'undefined' to the types of the target's properties.
  Types of property 'smsEnabled' are incompatible.
    Type 'boolean | undefined' is not assignable to type 'boolean'.
      Type 'undefined' is not assignable to type 'boolean'.
convex/notifications.ts(613,58): error TS2379: Argument of type '{ userId: Id<"users">; inAppEnabled: boolean; emailEnabled: boolean; smsEnabled: boolean; contractNotifications: boolean; approvalNotifications: boolean; paymentNotifications: boolean; ... 10 more ...; createdAt: string; }' is not assignable to parameter of type '{ updatedAt?: string; smsEnabled?: boolean; quietHoursStart?: number; quietHoursEnd?: number; timezone?: string; emailFrequency?: "immediate" | "hourly" | "daily" | "weekly"; emailDigestTime?: number; ... 11 more ...; quietHoursEnabled: boolean; }' with 'exactOptionalPropertyTypes: true'. Consider adding 'undefined' to the types of the target's properties.
  Types of property 'timezone' are incompatible.
    Type 'string | undefined' is not assignable to type 'string'.
      Type 'undefined' is not assignable to type 'string'.
convex/onboarding.ts(310,34): error TS2379: Argument of type '{ firstName: string; lastName: string; phoneNumber: string | undefined; department: string | undefined; title: string | undefined; updatedAt: string; }' is not assignable to parameter of type 'Partial<{ _id: Id<"users">; _creationTime: number; updatedAt?: string; title?: string; isActive?: boolean; firstName?: string; lastName?: string; lastLoginAt?: string; phoneNumber?: string; department?: string; ... 4 more ...; role: "user" | ... 3 more ... | "viewer"; }>' with 'exactOptionalPropertyTypes: true'. Consider adding 'undefined' to the types of the target's properties.
  Types of property 'title' are incompatible.
    Type 'string | undefined' is not assignable to type 'string'.
      Type 'undefined' is not assignable to type 'string'.
convex/onboarding.ts(375,43): error TS2379: Argument of type '{ industry: string; size: "1-10" | "11-50" | "51-200" | "201-500" | "501-1000" | "1000+"; contractVolume: "low" | "medium" | "high" | "enterprise" | undefined; primaryUseCase: string[] | undefined; }' is not assignable to parameter of type 'Partial<{ _id: Id<"enterprises">; _creationTime: number; domain?: string; industry?: string; size?: "1-10" | "11-50" | "51-200" | "201-500" | "501-1000" | "1000+"; contractVolume?: "low" | "medium" | "high" | "enterprise"; primaryUseCase?: string[]; name: string; }>' with 'exactOptionalPropertyTypes: true'. Consider adding 'undefined' to the types of the target's properties.
  Types of property 'contractVolume' are incompatible.
    Type '"low" | "medium" | "high" | "enterprise" | undefined' is not assignable to type '"low" | "medium" | "high" | "enterprise"'.
      Type 'undefined' is not assignable to type '"low" | "medium" | "high" | "enterprise"'.
convex/onboarding.ts(473,42): error TS2379: Argument of type '{ skippedAt: string; skipReason: string | undefined; completedAt: string; }' is not assignable to parameter of type 'Partial<{ _id: Id<"userOnboarding">; _creationTime: number; updatedAt?: string; completedAt?: string; metadata?: any; completedSteps?: string[]; skippedAt?: string; skipReason?: string; startedAt: string; userId: Id<...>; enterpriseId: Id<...>; currentStep: string; }>' with 'exactOptionalPropertyTypes: true'. Consider adding 'undefined' to the types of the target's properties.
  Types of property 'skipReason' are incompatible.
    Type 'string | undefined' is not assignable to type 'string'.
      Type 'undefined' is not assignable to type 'string'.
convex/onboarding.ts(479,45): error TS2379: Argument of type '{ userId: Id<"users">; enterpriseId: Id<"enterprises">; currentStep: "complete"; completedSteps: never[]; startedAt: string; completedAt: string; skippedAt: string; skipReason: string | undefined; metadata: {}; }' is not assignable to parameter of type '{ updatedAt?: string; completedAt?: string; metadata?: any; completedSteps?: string[]; skippedAt?: string; skipReason?: string; startedAt: string; userId: Id<"users">; enterpriseId: Id<"enterprises">; currentStep: string; }' with 'exactOptionalPropertyTypes: true'. Consider adding 'undefined' to the types of the target's properties.
  Types of property 'skipReason' are incompatible.
    Type 'string | undefined' is not assignable to type 'string'.
      Type 'undefined' is not assignable to type 'string'.
convex/search.ts(99,24): error TS2339: Property 'relevance' does not exist on type '{ type: "contract"; item: ContractEntity; score: number; highlights?: string[]; } | { type: "vendor"; item: VendorEntity; score: number; highlights?: string[]; } | { ...; }'.
  Property 'relevance' does not exist on type '{ type: "contract"; item: ContractEntity; score: number; highlights?: string[]; }'.
convex/search.ts(99,38): error TS2339: Property 'relevance' does not exist on type '{ type: "contract"; item: ContractEntity; score: number; highlights?: string[]; } | { type: "vendor"; item: VendorEntity; score: number; highlights?: string[]; } | { ...; }'.
  Property 'relevance' does not exist on type '{ type: "contract"; item: ContractEntity; score: number; highlights?: string[]; }'.
convex/search.ts(180,62): error TS2379: Argument of type '{ status?: string[] | undefined; vendorId?: Id<"vendors"> | undefined; contractType?: string[] | undefined; dateRange?: { startDate: string; endDate: string; dateField: "created" | "end" | "start"; } | undefined; valueRange?: { ...; } | undefined; }' is not assignable to parameter of type 'ContractFilters' with 'exactOptionalPropertyTypes: true'. Consider adding 'undefined' to the types of the target's properties.
  Types of property 'status' are incompatible.
    Type 'string[] | undefined' is not assignable to type '("active" | "archived" | "draft" | "pending_analysis" | "expired" | "terminated")[]'.
      Type 'undefined' is not assignable to type '("active" | "archived" | "draft" | "pending_analysis" | "expired" | "terminated")[]'.
convex/search.ts(186,60): error TS2554: Expected 2 arguments, but got 3.
convex/search.ts(285,56): error TS2554: Expected 2 arguments, but got 3.
convex/search.ts(300,82): error TS2339: Property '_id' does not exist on type 'SearchResult<VendorEntity> | { relevance: number; matchedFields: never[]; _id: Id<"vendors">; _creationTime: number; status?: "inactive" | "active"; ... 8 more ...; enterpriseId: Id<...>; }'.
  Property '_id' does not exist on type 'SearchResult<VendorEntity>'.
convex/search.ts(407,30): error TS2339: Property 'relevance' does not exist on type 'SearchResult<UserEntity> | { relevance: number; matchedFields: never[]; _id: Id<"users">; _creationTime: number; updatedAt?: string; title?: string; isActive?: boolean; ... 9 more ...; role: "user" | ... 3 more ... | "viewer"; }'.
  Property 'relevance' does not exist on type 'SearchResult<UserEntity>'.
convex/search.ts(407,44): error TS2339: Property 'relevance' does not exist on type 'SearchResult<UserEntity> | { relevance: number; matchedFields: never[]; _id: Id<"users">; _creationTime: number; updatedAt?: string; title?: string; isActive?: boolean; ... 9 more ...; role: "user" | ... 3 more ... | "viewer"; }'.
  Property 'relevance' does not exist on type 'SearchResult<UserEntity>'.
convex/search.ts(600,23): error TS7053: Element implicitly has an 'any' type because expression of type 'string' can't be used to index type '{ _id: Id<"contracts">; _creationTime: number; notes?: string; contractType?: "other" | "nda" | "msa" | "sow" | "saas" | "lease" | "employment" | "partnership"; value?: number; startDate?: string; ... 16 more ...; fileType: string; }'.
  No index signature with a parameter of type 'string' was found on type '{ _id: Id<"contracts">; _creationTime: number; notes?: string; contractType?: "other" | "nda" | "msa" | "sow" | "saas" | "lease" | "employment" | "partnership"; value?: number; startDate?: string; ... 16 more ...; fileType: string; }'.
convex/search.ts(628,23): error TS7053: Element implicitly has an 'any' type because expression of type 'string' can't be used to index type '{ _id: Id<"vendors">; _creationTime: number; status?: "inactive" | "active"; category?: "legal" | "technology" | "marketing" | "finance" | "hr" | "facilities" | "logistics" | "manufacturing" | "consulting" | "other"; ... 7 more ...; enterpriseId: Id<...>; }'.
  No index signature with a parameter of type 'string' was found on type '{ _id: Id<"vendors">; _creationTime: number; status?: "inactive" | "active"; category?: "legal" | "technology" | "marketing" | "finance" | "hr" | "facilities" | "logistics" | "manufacturing" | "consulting" | "other"; ... 7 more ...; enterpriseId: Id<...>; }'.
convex/search.ts(657,23): error TS7053: Element implicitly has an 'any' type because expression of type 'string' can't be used to index type '{ _id: Id<"users">; _creationTime: number; updatedAt?: string; title?: string; isActive?: boolean; firstName?: string; lastName?: string; lastLoginAt?: string; phoneNumber?: string; department?: string; ... 4 more ...; role: "user" | ... 3 more ... | "viewer"; }'.
  No index signature with a parameter of type 'string' was found on type '{ _id: Id<"users">; _creationTime: number; updatedAt?: string; title?: string; isActive?: boolean; firstName?: string; lastName?: string; lastLoginAt?: string; phoneNumber?: string; department?: string; ... 4 more ...; role: "user" | ... 3 more ... | "viewer"; }'.
convex/search.ts(684,37): error TS18048: 'filters.status' is possibly 'undefined'.
convex/search.ts(689,37): error TS18048: 'filters.contractType' is possibly 'undefined'.
convex/search.ts(694,37): error TS2367: This comparison appears to be unintentional because the types 'Id<"vendors">' and 'Id<"vendors">[] | undefined' have no overlap.
convex/search.ts(699,13): error TS2339: Property 'startDate' does not exist on type '{ start: string; end: string; }'.
convex/search.ts(699,24): error TS2339: Property 'endDate' does not exist on type '{ start: string; end: string; }'.
convex/search.ts(699,33): error TS2339: Property 'dateField' does not exist on type '{ start: string; end: string; }'.
convex/search.ts(721,23): error TS18048: 'filters.valueRange' is possibly 'undefined'.
convex/search.ts(721,58): error TS18048: 'filters.valueRange' is possibly 'undefined'.
convex/security/applyRateLimit.ts(44,64): error TS2379: Argument of type '{ userId: any; cost: number | undefined; }' is not assignable to parameter of type '{ userId?: Id<"users">; ipAddress?: string; cost?: number; }' with 'exactOptionalPropertyTypes: true'. Consider adding 'undefined' to the types of the target's properties.
  Types of property 'cost' are incompatible.
    Type 'number | undefined' is not assignable to type 'number'.
      Type 'undefined' is not assignable to type 'number'.
convex/security/applyRateLimit.ts(246,44): error TS2379: Argument of type '{ cost: number; skipForRoles: string[] | undefined; }' is not assignable to parameter of type '{ cost?: number; skipForRoles?: string[]; }' with 'exactOptionalPropertyTypes: true'. Consider adding 'undefined' to the types of the target's properties.
  Types of property 'skipForRoles' are incompatible.
    Type 'string[] | undefined' is not assignable to type 'string[]'.
      Type 'undefined' is not assignable to type 'string[]'.
convex/security/auditLogging.ts(103,36): error TS2379: Argument of type '{ userId: Id<"users">; enterpriseId: Id<"enterprises">; operation: string; resourceType: string; resourceId: string | undefined; action: "update" | "read" | "create" | "delete" | "export" | "share" | "approve" | "reject"; ... 7 more ...; metadata: any; }' is not assignable to parameter of type '{ errorMessage?: string; metadata?: any; ipAddress?: string; userAgent?: string; resourceId?: string; sessionId?: string; changes?: any; status: "success" | "failure"; timestamp: string; userId: Id<"users">; operation: string; enterpriseId: Id<...>; resourceType: string; action: "update" | ... 6 more ... | "reject"; }' with 'exactOptionalPropertyTypes: true'. Consider adding 'undefined' to the types of the target's properties.
  Types of property 'errorMessage' are incompatible.
    Type 'string | undefined' is not assignable to type 'string'.
      Type 'undefined' is not assignable to type 'string'.
convex/security/auditLogging.ts(147,33): error TS2379: Argument of type '{ enterpriseId: Id<"enterprises">; alertType: "failed_attempts"; severity: "high"; description: string; userId: Id<"users">; ipAddress: string | undefined; metadata: { failureCount: number; }; }' is not assignable to parameter of type '{ enterpriseId: Id<"enterprises">; alertType: "suspicious_activity" | "unauthorized_access" | "data_export" | "permission_change" | "bulk_operation" | "failed_attempts"; ... 4 more ...; metadata?: any; }' with 'exactOptionalPropertyTypes: true'. Consider adding 'undefined' to the types of the target's properties.
  Types of property 'ipAddress' are incompatible.
    Type 'string | undefined' is not assignable to type 'string'.
      Type 'undefined' is not assignable to type 'string'.
convex/security/auditLogging.ts(172,35): error TS2379: Argument of type '{ enterpriseId: Id<"enterprises">; alertType: "bulk_operation"; severity: "medium"; description: string; userId: Id<"users">; ipAddress: string | undefined; metadata: { operationCount: number; action: any; }; }' is not assignable to parameter of type '{ enterpriseId: Id<"enterprises">; alertType: "suspicious_activity" | "unauthorized_access" | "data_export" | "permission_change" | "bulk_operation" | "failed_attempts"; ... 4 more ...; metadata?: any; }' with 'exactOptionalPropertyTypes: true'. Consider adding 'undefined' to the types of the target's properties.
  Types of property 'ipAddress' are incompatible.
    Type 'string | undefined' is not assignable to type 'string'.
      Type 'undefined' is not assignable to type 'string'.
convex/security/auditLogging.ts(186,33): error TS2379: Argument of type '{ enterpriseId: Id<"enterprises">; alertType: "data_export"; severity: "low"; description: string; userId: Id<"users">; ipAddress: string | undefined; metadata: { resourceType: any; resourceId: any; }; }' is not assignable to parameter of type '{ enterpriseId: Id<"enterprises">; alertType: "suspicious_activity" | "unauthorized_access" | "data_export" | "permission_change" | "bulk_operation" | "failed_attempts"; ... 4 more ...; metadata?: any; }' with 'exactOptionalPropertyTypes: true'. Consider adding 'undefined' to the types of the target's properties.
  Types of property 'ipAddress' are incompatible.
    Type 'string | undefined' is not assignable to type 'string'.
      Type 'undefined' is not assignable to type 'string'.
convex/security/auditLogging.ts(441,38): error TS2379: Argument of type '{ userId: Id<"users">; enterpriseId: Id<"enterprises">; operation: string; resourceType: string; resourceId: string | undefined; action: "update" | "read" | "create" | "delete" | "export" | "share" | "approve" | "reject"; ... 6 more ...; sessionId: string; }' is not assignable to parameter of type '{ errorMessage?: string; metadata?: any; ipAddress?: string; userAgent?: string; resourceId?: string; sessionId?: string; changes?: any; status: "success" | "failure"; timestamp: string; userId: Id<"users">; operation: string; enterpriseId: Id<...>; resourceType: string; action: "update" | ... 6 more ... | "reject"; }' with 'exactOptionalPropertyTypes: true'. Consider adding 'undefined' to the types of the target's properties.
  Types of property 'errorMessage' are incompatible.
    Type 'string | undefined' is not assignable to type 'string'.
      Type 'undefined' is not assignable to type 'string'.
convex/security/rateLimitedExamples.ts(75,48): error TS18046: 'args' is of type 'unknown'.
convex/security/rateLimitedExamples.ts(148,16): error TS18046: 'args' is of type 'unknown'.
convex/security/rateLimitedExamples.ts(149,9): error TS2353: Object literal may only specify known properties, and 'description' does not exist in type '{ notes?: string; contractType?: "other" | "nda" | "msa" | "sow" | "saas" | "lease" | "employment" | "partnership"; value?: number; startDate?: string; endDate?: string; extractedParties?: string[]; ... 14 more ...; fileType: string; }'.
convex/security/rateLimitedExamples.ts(149,22): error TS18046: 'args' is of type 'unknown'.
convex/security/rateLimitedExamples.ts(150,19): error TS18046: 'args' is of type 'unknown'.
convex/security/rateLimitedExamples.ts(151,23): error TS18046: 'args' is of type 'unknown'.
convex/security/rateLimitedExamples.ts(152,18): error TS18046: 'args' is of type 'unknown'.
convex/security/rateLimitedExamples.ts(185,41): error TS18046: 'args' is of type 'unknown'.
convex/security/rateLimitedExamples.ts(191,26): error TS18046: 'args' is of type 'unknown'.
convex/security/rateLimitedExamples.ts(192,12): error TS18046: 'args' is of type 'unknown'.
convex/security/rateLimitedExamples.ts(196,14): error TS18046: 'args' is of type 'unknown'.
convex/security/rateLimitedExamples.ts(221,32): error TS18046: 'args' is of type 'unknown'.
convex/security/rateLimitedExamples.ts(225,16): error TS18046: 'args' is of type 'unknown'.
convex/security/rateLimitedExamples.ts(263,26): error TS18046: 'args' is of type 'unknown'.
convex/security/rateLimitedExamples.ts(263,65): error TS18046: 'args' is of type 'unknown'.
convex/security/rateLimitedExamples.ts(324,74): error TS18046: 'args' is of type 'unknown'.
convex/security/rateLimitedWrapper.ts(76,76): error TS2379: Argument of type '{ userId: Id<"users"> | undefined; ipAddress: string; cost: number | undefined; }' is not assignable to parameter of type '{ userId?: Id<"users">; ipAddress?: string; cost?: number; }' with 'exactOptionalPropertyTypes: true'. Consider adding 'undefined' to the types of the target's properties.
  Types of property 'userId' are incompatible.
    Type 'Id<"users"> | undefined' is not assignable to type 'Id<"users">'.
      Type 'undefined' is not assignable to type 'Id<"users">'.
        Type 'undefined' is not assignable to type 'string'.
convex/security/rateLimitedWrapper.ts(105,76): error TS2379: Argument of type '{ userId: Id<"users"> | undefined; ipAddress: string; cost: number | undefined; }' is not assignable to parameter of type '{ userId?: Id<"users">; ipAddress?: string; cost?: number; }' with 'exactOptionalPropertyTypes: true'. Consider adding 'undefined' to the types of the target's properties.
  Types of property 'userId' are incompatible.
    Type 'Id<"users"> | undefined' is not assignable to type 'Id<"users">'.
      Type 'undefined' is not assignable to type 'Id<"users">'.
        Type 'undefined' is not assignable to type 'string'.
convex/security/rateLimiting.ts(83,32): error TS18048: 'config' is possibly 'undefined'.
convex/security/rateLimiting.ts(102,15): error TS18048: 'config' is possibly 'undefined'.
convex/security/rateLimiting.ts(106,24): error TS18048: 'config' is possibly 'undefined'.
convex/security/rateLimiting.ts(112,31): error TS2379: Argument of type '{ userId: Id<"users"> | undefined; ipAddress: string; operation: string; allowed: false; tokens: number; metadata: { reason: string; resetIn: number; }; }' is not assignable to parameter of type '{ userId?: Id<"users">; ipAddress: string; operation: string; allowed: boolean; tokens: number; metadata?: any; }' with 'exactOptionalPropertyTypes: true'. Consider adding 'undefined' to the types of the target's properties.
  Types of property 'userId' are incompatible.
    Type 'Id<"users"> | undefined' is not assignable to type 'Id<"users">'.
      Type 'undefined' is not assignable to type 'Id<"users">'.
        Type 'undefined' is not assignable to type 'string'.
convex/security/rateLimiting.ts(126,54): error TS18048: 'config' is possibly 'undefined'.
convex/security/rateLimiting.ts(129,32): error TS18048: 'config' is possibly 'undefined'.
convex/security/rateLimiting.ts(145,29): error TS2379: Argument of type '{ userId: Id<"users"> | undefined; ipAddress: string; operation: string; allowed: true; tokens: number; }' is not assignable to parameter of type '{ userId?: Id<"users">; ipAddress: string; operation: string; allowed: boolean; tokens: number; metadata?: any; }' with 'exactOptionalPropertyTypes: true'. Consider adding 'undefined' to the types of the target's properties.
  Types of property 'userId' are incompatible.
    Type 'Id<"users"> | undefined' is not assignable to type 'Id<"users">'.
      Type 'undefined' is not assignable to type 'Id<"users">'.
        Type 'undefined' is not assignable to type 'string'.
convex/security/rateLimiting.ts(166,29): error TS2379: Argument of type '{ userId: Id<"users"> | undefined; ipAddress: string; operation: string; allowed: false; tokens: any; metadata: { violations: any; blockDuration: number; }; }' is not assignable to parameter of type '{ userId?: Id<"users">; ipAddress: string; operation: string; allowed: boolean; tokens: number; metadata?: any; }' with 'exactOptionalPropertyTypes: true'. Consider adding 'undefined' to the types of the target's properties.
  Types of property 'userId' are incompatible.
    Type 'Id<"users"> | undefined' is not assignable to type 'Id<"users">'.
      Type 'undefined' is not assignable to type 'Id<"users">'.
        Type 'undefined' is not assignable to type 'string'.
convex/security/rateLimiting.ts(175,32): error TS18048: 'config' is possibly 'undefined'.
convex/security/rateLimiting.ts(175,68): error TS18048: 'config' is possibly 'undefined'.
convex/security/rateLimiting.ts(233,57): error TS2345: Argument of type 'string | undefined' is not assignable to parameter of type 'string'.
  Type 'undefined' is not assignable to type 'string'.
convex/security/rateLimiting.ts(238,71): error TS2379: Argument of type '{ userId: Id<"users"> | undefined; cost: number | undefined; }' is not assignable to parameter of type '{ userId?: Id<"users">; ipAddress?: string; cost?: number; }' with 'exactOptionalPropertyTypes: true'. Consider adding 'undefined' to the types of the target's properties.
  Types of property 'userId' are incompatible.
    Type 'Id<"users"> | undefined' is not assignable to type 'Id<"users">'.
      Type 'undefined' is not assignable to type 'Id<"users">'.
        Type 'undefined' is not assignable to type 'string'.
convex/security/rateLimiting.ts(277,38): error TS2379: Argument of type '{ blockedUntil: undefined; violations: number; }' is not assignable to parameter of type 'Partial<{ _id: Id<"rateLimitBuckets">; _creationTime: number; blockedUntil?: string; key: string; tokens: number; lastRefill: string; violations: number; }>' with 'exactOptionalPropertyTypes: true'. Consider adding 'undefined' to the types of the target's properties.
  Types of property 'blockedUntil' are incompatible.
    Type 'undefined' is not assignable to type 'string'.
convex/security/rowLevelSecurity.ts(93,12): error TS2352: Conversion of type 'any[]' to type 'Promise<Doc<T>[]>' may be a mistake because neither type sufficiently overlaps with the other. If this was intentional, convert the expression to 'unknown' first.
  Type 'any[]' is missing the following properties from type 'Promise<Doc<T>[]>': then, catch, finally, [Symbol.toStringTag]
convex/security/rowLevelSecurity.ts(116,41): error TS2345: Argument of type 'Id<"enterprises">' is not assignable to parameter of type 'ExpressionOrValue<FieldTypeFromFieldPath<DocumentByInfo<NamedTableInfo<{ vendors: { document: { _id: Id<"vendors">; _creationTime: number; status?: "inactive" | "active"; category?: "legal" | "technology" | "marketing" | "finance" | "hr" | "facilities" | "logistics" | "manufacturing" | "consulting" | "other"; ... 7 ...'.
  Type 'Id<"enterprises">' is not assignable to type 'FieldTypeFromFieldPath<DocumentByInfo<NamedTableInfo<{ vendors: { document: { _id: Id<"vendors">; _creationTime: number; status?: "inactive" | "active"; category?: "legal" | "technology" | "marketing" | "finance" | "hr" | "facilities" | "logistics" | "manufacturing" | "consulting" | "other"; ... 7 more ...; enterpri...'.
convex/security/rowLevelSecurity.ts(133,73): error TS2694: Namespace '"/home/dpxrk/pactwise-fork/convex/_generated/dataModel"' has no exported member 'default'.
convex/security/rowLevelSecurity.ts(135,20): error TS2344: Type 'T' does not satisfy the constraint 'TableNames'.
  Type 'string | number | symbol' is not assignable to type 'TableNames'.
    Type 'string' is not assignable to type 'TableNames'.
convex/security/rowLevelSecurity.ts(137,17): error TS2344: Type 'T' does not satisfy the constraint 'TableNames | SystemTableNames'.
  Type 'string | number | symbol' is not assignable to type 'TableNames | SystemTableNames'.
    Type 'string' is not assignable to type 'TableNames | SystemTableNames'.
convex/security/rowLevelSecurity.ts(149,5): error TS2322: Type 'Id<TableNamesInDataModel<{ vendors: { document: { _id: Id<"vendors">; _creationTime: number; status?: "inactive" | "active"; category?: "legal" | "technology" | "marketing" | "finance" | "hr" | "facilities" | "logistics" | "manufacturing" | "consulting" | "other"; ... 7 more ...; enterpriseId: Id<...>; }; fieldPaths...' is not assignable to type 'Id<T>'.
  Type 'Id<TableNamesInDataModel<{ vendors: { document: { _id: Id<"vendors">; _creationTime: number; status?: "inactive" | "active"; category?: "legal" | "technology" | "marketing" | "finance" | "hr" | "facilities" | "logistics" | "manufacturing" | "consulting" | "other"; ... 7 more ...; enterpriseId: Id<...>; }; fieldPaths...' is not assignable to type '{ __tableName: T; }'.
    Types of property '__tableName' are incompatible.
      Type 'string' is not assignable to type 'T'.
        'string' is assignable to the constraint of type 'T', but 'T' could be instantiated with a different subtype of constraint 'string | number | symbol'.
          Type 'string' is not assignable to type 'T'.
            'string' is assignable to the constraint of type 'T', but 'T' could be instantiated with a different subtype of constraint 'string | number | symbol'.
convex/security/rowLevelSecurity.ts(149,37): error TS2345: Argument of type 'string | number | symbol' is not assignable to parameter of type 'TableNamesInDataModel<{ vendors: { document: { _id: Id<"vendors">; _creationTime: number; status?: "inactive" | "active"; category?: "legal" | "technology" | "marketing" | "finance" | "hr" | "facilities" | "logistics" | "manufacturing" | "consulting" | "other"; ... 7 more ...; enterpriseId: Id<...>; }; fieldPaths: E...'.
  Type 'string' is not assignable to type 'TableNamesInDataModel<{ vendors: { document: { _id: Id<"vendors">; _creationTime: number; status?: "inactive" | "active"; category?: "legal" | "technology" | "marketing" | "finance" | "hr" | "facilities" | "logistics" | "manufacturing" | "consulting" | "other"; ... 7 more ...; enterpriseId: Id<...>; }; fieldPaths: E...'.
convex/security/rowLevelSecurity.ts(152,73): error TS2694: Namespace '"/home/dpxrk/pactwise-fork/convex/_generated/dataModel"' has no exported member 'default'.
convex/security/rowLevelSecurity.ts(153,12): error TS2344: Type 'T' does not satisfy the constraint 'TableNames | SystemTableNames'.
  Type 'string | number | symbol' is not assignable to type 'TableNames | SystemTableNames'.
    Type 'string' is not assignable to type 'TableNames | SystemTableNames'.
convex/security/rowLevelSecurity.ts(154,28): error TS2344: Type 'T' does not satisfy the constraint 'TableNames'.
  Type 'string | number | symbol' is not assignable to type 'TableNames'.
    Type 'string' is not assignable to type 'TableNames'.
convex/security/rowLevelSecurity.ts(163,44): error TS2345: Argument of type 'Id<T>' is not assignable to parameter of type 'Id<TableNamesInDataModel<{ vendors: { document: { _id: Id<"vendors">; _creationTime: number; status?: "inactive" | "active"; category?: "legal" | "technology" | "marketing" | "finance" | "hr" | "facilities" | "logistics" | "manufacturing" | "consulting" | "other"; ... 7 more ...; enterpriseId: Id<...>; }; fieldPaths...'.
  Type 'Id<T>' is not assignable to type '{ __tableName: TableNamesInDataModel<{ vendors: { document: { _id: Id<"vendors">; _creationTime: number; status?: "inactive" | "active"; category?: "legal" | "technology" | "marketing" | "finance" | "hr" | ... 4 more ... | "other"; ... 7 more ...; enterpriseId: Id<...>; }; fieldPaths: ExtractFieldPaths<...> | "_id";...'.
    Types of property '__tableName' are incompatible.
      Type 'T' is not assignable to type 'TableNamesInDataModel<{ vendors: { document: { _id: Id<"vendors">; _creationTime: number; status?: "inactive" | "active"; category?: "legal" | "technology" | "marketing" | "finance" | "hr" | "facilities" | "logistics" | "manufacturing" | "consulting" | "other"; ... 7 more ...; enterpriseId: Id<...>; }; fieldPaths: E...'.
        Type 'string | number | symbol' is not assignable to type 'TableNamesInDataModel<{ vendors: { document: { _id: Id<"vendors">; _creationTime: number; status?: "inactive" | "active"; category?: "legal" | "technology" | "marketing" | "finance" | "hr" | "facilities" | "logistics" | "manufacturing" | "consulting" | "other"; ... 7 more ...; enterpriseId: Id<...>; }; fieldPaths: E...'.
          Type 'string' is not assignable to type 'TableNamesInDataModel<{ vendors: { document: { _id: Id<"vendors">; _creationTime: number; status?: "inactive" | "active"; category?: "legal" | "technology" | "marketing" | "finance" | "hr" | "facilities" | "logistics" | "manufacturing" | "consulting" | "other"; ... 7 more ...; enterpriseId: Id<...>; }; fieldPaths: E...'.
convex/security/rowLevelSecurity.ts(173,63): error TS2344: Type 'T' does not satisfy the constraint 'TableNames'.
  Type 'string | number | symbol' is not assignable to type 'TableNames'.
    Type 'string' is not assignable to type 'TableNames'.
convex/security/rowLevelSecurity.ts(175,29): error TS2345: Argument of type 'Id<T>' is not assignable to parameter of type 'Id<TableNamesInDataModel<{ vendors: { document: { _id: Id<"vendors">; _creationTime: number; status?: "inactive" | "active"; category?: "legal" | "technology" | "marketing" | "finance" | "hr" | "facilities" | "logistics" | "manufacturing" | "consulting" | "other"; ... 7 more ...; enterpriseId: Id<...>; }; fieldPaths...'.
  Type 'Id<T>' is not assignable to type '{ __tableName: TableNamesInDataModel<{ vendors: { document: { _id: Id<"vendors">; _creationTime: number; status?: "inactive" | "active"; category?: "legal" | "technology" | "marketing" | "finance" | "hr" | ... 4 more ... | "other"; ... 7 more ...; enterpriseId: Id<...>; }; fieldPaths: ExtractFieldPaths<...> | "_id";...'.
    Types of property '__tableName' are incompatible.
      Type 'T' is not assignable to type 'TableNamesInDataModel<{ vendors: { document: { _id: Id<"vendors">; _creationTime: number; status?: "inactive" | "active"; category?: "legal" | "technology" | "marketing" | "finance" | "hr" | "facilities" | "logistics" | "manufacturing" | "consulting" | "other"; ... 7 more ...; enterpriseId: Id<...>; }; fieldPaths: E...'.
        Type 'string | number | symbol' is not assignable to type 'TableNamesInDataModel<{ vendors: { document: { _id: Id<"vendors">; _creationTime: number; status?: "inactive" | "active"; category?: "legal" | "technology" | "marketing" | "finance" | "hr" | "facilities" | "logistics" | "manufacturing" | "consulting" | "other"; ... 7 more ...; enterpriseId: Id<...>; }; fieldPaths: E...'.
          Type 'string' is not assignable to type 'TableNamesInDataModel<{ vendors: { document: { _id: Id<"vendors">; _creationTime: number; status?: "inactive" | "active"; category?: "legal" | "technology" | "marketing" | "finance" | "hr" | "facilities" | "logistics" | "manufacturing" | "consulting" | "other"; ... 7 more ...; enterpriseId: Id<...>; }; fieldPaths: E...'.
convex/security/rowLevelSecurity.ts(178,73): error TS2694: Namespace '"/home/dpxrk/pactwise-fork/convex/_generated/dataModel"' has no exported member 'default'.
convex/security/rowLevelSecurity.ts(179,12): error TS2344: Type 'T' does not satisfy the constraint 'TableNames | SystemTableNames'.
  Type 'string | number | symbol' is not assignable to type 'TableNames | SystemTableNames'.
    Type 'string' is not assignable to type 'TableNames | SystemTableNames'.
convex/security/rowLevelSecurity.ts(188,44): error TS2345: Argument of type 'Id<T>' is not assignable to parameter of type 'Id<TableNamesInDataModel<{ vendors: { document: { _id: Id<"vendors">; _creationTime: number; status?: "inactive" | "active"; category?: "legal" | "technology" | "marketing" | "finance" | "hr" | "facilities" | "logistics" | "manufacturing" | "consulting" | "other"; ... 7 more ...; enterpriseId: Id<...>; }; fieldPaths...'.
  Type 'Id<T>' is not assignable to type '{ __tableName: TableNamesInDataModel<{ vendors: { document: { _id: Id<"vendors">; _creationTime: number; status?: "inactive" | "active"; category?: "legal" | "technology" | "marketing" | "finance" | "hr" | ... 4 more ... | "other"; ... 7 more ...; enterpriseId: Id<...>; }; fieldPaths: ExtractFieldPaths<...> | "_id";...'.
    Types of property '__tableName' are incompatible.
      Type 'T' is not assignable to type 'TableNamesInDataModel<{ vendors: { document: { _id: Id<"vendors">; _creationTime: number; status?: "inactive" | "active"; category?: "legal" | "technology" | "marketing" | "finance" | "hr" | "facilities" | "logistics" | "manufacturing" | "consulting" | "other"; ... 7 more ...; enterpriseId: Id<...>; }; fieldPaths: E...'.
        Type 'string | number | symbol' is not assignable to type 'TableNamesInDataModel<{ vendors: { document: { _id: Id<"vendors">; _creationTime: number; status?: "inactive" | "active"; category?: "legal" | "technology" | "marketing" | "finance" | "hr" | "facilities" | "logistics" | "manufacturing" | "consulting" | "other"; ... 7 more ...; enterpriseId: Id<...>; }; fieldPaths: E...'.
          Type 'string' is not assignable to type 'TableNamesInDataModel<{ vendors: { document: { _id: Id<"vendors">; _creationTime: number; status?: "inactive" | "active"; category?: "legal" | "technology" | "marketing" | "finance" | "hr" | "facilities" | "logistics" | "manufacturing" | "consulting" | "other"; ... 7 more ...; enterpriseId: Id<...>; }; fieldPaths: E...'.
convex/security/rowLevelSecurity.ts(197,30): error TS2345: Argument of type 'Id<T>' is not assignable to parameter of type 'Id<TableNamesInDataModel<{ vendors: { document: { _id: Id<"vendors">; _creationTime: number; status?: "inactive" | "active"; category?: "legal" | "technology" | "marketing" | "finance" | "hr" | "facilities" | "logistics" | "manufacturing" | "consulting" | "other"; ... 7 more ...; enterpriseId: Id<...>; }; fieldPaths...'.
  Type 'Id<T>' is not assignable to type '{ __tableName: TableNamesInDataModel<{ vendors: { document: { _id: Id<"vendors">; _creationTime: number; status?: "inactive" | "active"; category?: "legal" | "technology" | "marketing" | "finance" | "hr" | ... 4 more ... | "other"; ... 7 more ...; enterpriseId: Id<...>; }; fieldPaths: ExtractFieldPaths<...> | "_id";...'.
    Types of property '__tableName' are incompatible.
      Type 'T' is not assignable to type 'TableNamesInDataModel<{ vendors: { document: { _id: Id<"vendors">; _creationTime: number; status?: "inactive" | "active"; category?: "legal" | "technology" | "marketing" | "finance" | "hr" | "facilities" | "logistics" | "manufacturing" | "consulting" | "other"; ... 7 more ...; enterpriseId: Id<...>; }; fieldPaths: E...'.
        Type 'string | number | symbol' is not assignable to type 'TableNamesInDataModel<{ vendors: { document: { _id: Id<"vendors">; _creationTime: number; status?: "inactive" | "active"; category?: "legal" | "technology" | "marketing" | "finance" | "hr" | "facilities" | "logistics" | "manufacturing" | "consulting" | "other"; ... 7 more ...; enterpriseId: Id<...>; }; fieldPaths: E...'.
          Type 'string' is not assignable to type 'TableNamesInDataModel<{ vendors: { document: { _id: Id<"vendors">; _creationTime: number; status?: "inactive" | "active"; category?: "legal" | "technology" | "marketing" | "finance" | "hr" | "facilities" | "logistics" | "manufacturing" | "consulting" | "other"; ... 7 more ...; enterpriseId: Id<...>; }; fieldPaths: E...'.
convex/security/rowLevelSecurity.ts(201,71): error TS2694: Namespace '"/home/dpxrk/pactwise-fork/convex/_generated/dataModel"' has no exported member 'default'.
convex/security/rowLevelSecurity.ts(203,12): error TS2344: Type 'T' does not satisfy the constraint 'TableNames | SystemTableNames'.
  Type 'string | number | symbol' is not assignable to type 'TableNames | SystemTableNames'.
    Type 'string' is not assignable to type 'TableNames | SystemTableNames'.
convex/security/rowLevelSecurity.ts(204,18): error TS2344: Type 'T' does not satisfy the constraint 'TableNames'.
  Type 'string | number | symbol' is not assignable to type 'TableNames'.
    Type 'string' is not assignable to type 'TableNames'.
convex/security/rowLevelSecurity.ts(205,39): error TS2345: Argument of type 'Id<T>' is not assignable to parameter of type 'Id<TableNamesInDataModel<{ vendors: { document: { _id: Id<"vendors">; _creationTime: number; status?: "inactive" | "active"; category?: "legal" | "technology" | "marketing" | "finance" | "hr" | "facilities" | "logistics" | "manufacturing" | "consulting" | "other"; ... 7 more ...; enterpriseId: Id<...>; }; fieldPaths...'.
  Type 'Id<T>' is not assignable to type '{ __tableName: TableNamesInDataModel<{ vendors: { document: { _id: Id<"vendors">; _creationTime: number; status?: "inactive" | "active"; category?: "legal" | "technology" | "marketing" | "finance" | "hr" | ... 4 more ... | "other"; ... 7 more ...; enterpriseId: Id<...>; }; fieldPaths: ExtractFieldPaths<...> | "_id";...'.
    Types of property '__tableName' are incompatible.
      Type 'T' is not assignable to type 'TableNamesInDataModel<{ vendors: { document: { _id: Id<"vendors">; _creationTime: number; status?: "inactive" | "active"; category?: "legal" | "technology" | "marketing" | "finance" | "hr" | "facilities" | "logistics" | "manufacturing" | "consulting" | "other"; ... 7 more ...; enterpriseId: Id<...>; }; fieldPaths: E...'.
        Type 'string | number | symbol' is not assignable to type 'TableNamesInDataModel<{ vendors: { document: { _id: Id<"vendors">; _creationTime: number; status?: "inactive" | "active"; category?: "legal" | "technology" | "marketing" | "finance" | "hr" | "facilities" | "logistics" | "manufacturing" | "consulting" | "other"; ... 7 more ...; enterpriseId: Id<...>; }; fieldPaths: E...'.
          Type 'string' is not assignable to type 'TableNamesInDataModel<{ vendors: { document: { _id: Id<"vendors">; _creationTime: number; status?: "inactive" | "active"; category?: "legal" | "technology" | "marketing" | "finance" | "hr" | "facilities" | "logistics" | "manufacturing" | "consulting" | "other"; ... 7 more ...; enterpriseId: Id<...>; }; fieldPaths: E...'.
convex/security/rowLevelSecurity.ts(213,5): error TS2322: Type '{ _id: Id<"vendors">; _creationTime: number; status?: "inactive" | "active"; category?: "legal" | "technology" | "marketing" | "finance" | "hr" | "facilities" | "logistics" | "manufacturing" | "consulting" | "other"; ... 7 more ...; enterpriseId: Id<...>; } | ... 23 more ... | { ...; }' is not assignable to type 'Doc<T> | null'.
  Type '{ _id: Id<"vendors">; _creationTime: number; status?: "inactive" | "active"; category?: "legal" | "technology" | "marketing" | "finance" | "hr" | "facilities" | "logistics" | "manufacturing" | "consulting" | "other"; ... 7 more ...; enterpriseId: Id<...>; }' is not assignable to type 'Doc<T>'.
    Type '{ _id: Id<"vendors">; _creationTime: number; status?: "inactive" | "active"; category?: "legal" | "technology" | "marketing" | "finance" | "hr" | "facilities" | "logistics" | "manufacturing" | "consulting" | "other"; ... 7 more ...; enterpriseId: Id<...>; }' is not assignable to type '{ [x: string]: any; _id: Id<T>; }'.
      Types of property '_id' are incompatible.
        Type 'Id<"vendors">' is not assignable to type 'Id<T>'.
          Type 'Id<"vendors">' is not assignable to type '{ __tableName: T; }'.
            Types of property '__tableName' are incompatible.
              Type 'string' is not assignable to type 'T'.
                'string' is assignable to the constraint of type 'T', but 'T' could be instantiated with a different subtype of constraint 'string | number | symbol'.
convex/security/secureContractOperations.ts(37,49): error TS2345: Argument of type 'VId<Id<"vendors">, "required">' is not assignable to parameter of type 'Id<"vendors">'.
  Type 'VId<Id<"vendors">, "required">' is not assignable to type 'string'.
convex/security/secureContractOperations.ts(44,7): error TS2322: Type 'VId<Id<"vendors">, "required">' is not assignable to type 'Id<"vendors">'.
  Type 'VId<Id<"vendors">, "required">' is not assignable to type 'string'.
convex/security/secureContractOperations.ts(45,25): error TS2339: Property 'trim' does not exist on type 'VString<string, "required">'.
convex/security/secureContractOperations.ts(47,7): error TS2322: Type 'VString<string | undefined, "optional">' is not assignable to type '"other" | "nda" | "msa" | "sow" | "saas" | "lease" | "employment" | "partnership"'.
convex/security/secureContractOperations.ts(48,7): error TS2322: Type 'VId<Id<"_storage">, "required">' is not assignable to type 'Id<"_storage">'.
  Type 'VId<Id<"_storage">, "required">' is not assignable to type 'string'.
convex/security/secureContractOperations.ts(49,7): error TS2322: Type 'VString<string, "required">' is not assignable to type 'string'.
convex/security/secureContractOperations.ts(50,7): error TS2322: Type 'VString<string, "required">' is not assignable to type 'string'.
convex/security/secureContractOperations.ts(52,26): error TS2339: Property 'trim' does not exist on type 'VString<string | undefined, "optional">'.
convex/security/secureContractOperations.ts(95,40): error TS2722: Cannot invoke an object which is possibly 'undefined'.
convex/security/secureContractOperations.ts(100,53): error TS2345: Argument of type 'VFloat64<number | undefined, "optional">' is not assignable to parameter of type 'number'.
convex/security/secureContractOperations.ts(143,53): error TS2345: Argument of type 'VId<Id<"contracts">, "required">' is not assignable to parameter of type 'Id<"contracts">'.
  Type 'VId<Id<"contracts">, "required">' is not assignable to type 'string'.
convex/security/secureContractOperations.ts(160,25): error TS2345: Argument of type 'VId<Id<"contracts">, "required">' is not assignable to parameter of type 'Id<string | number | symbol>'.
  Type 'VId<Id<"contracts">, "required">' is not assignable to type 'string'.
convex/security/secureContractOperations.ts(166,7): error TS2322: Type 'VId<Id<"contracts">, "required">' is not assignable to type 'string'.
convex/security/secureContractOperations.ts(193,53): error TS2345: Argument of type 'VId<Id<"contracts">, "required">' is not assignable to parameter of type 'Id<"contracts">'.
  Type 'VId<Id<"contracts">, "required">' is not assignable to type 'string'.
convex/security/secureContractOperations.ts(206,25): error TS2345: Argument of type 'VId<Id<"contracts">, "required">' is not assignable to parameter of type 'Id<string | number | symbol>'.
  Type 'VId<Id<"contracts">, "required">' is not assignable to type 'string'.
convex/security/secureContractOperations.ts(212,7): error TS2322: Type 'VId<Id<"contracts">, "required">' is not assignable to type 'string'.
convex/security/secureContractOperations.ts(253,24): error TS2339: Property 'status' does not exist on type 'VObject<{ status?: string | undefined; startDate?: string | undefined; endDate?: string | undefined; } | undefined, { status: VString<string | undefined, "optional">; startDate: VString<...>; endDate: VString<...>; }, "optional", "status" | ... 1 more ... | "endDate">'.
convex/security/secureContractOperations.ts(254,76): error TS2339: Property 'status' does not exist on type 'VObject<{ status?: string | undefined; startDate?: string | undefined; endDate?: string | undefined; } | undefined, { status: VString<string | undefined, "optional">; startDate: VString<...>; endDate: VString<...>; }, "optional", "status" | ... 1 more ... | "endDate">'.
convex/security/secureContractOperations.ts(256,24): error TS2339: Property 'startDate' does not exist on type 'VObject<{ status?: string | undefined; startDate?: string | undefined; endDate?: string | undefined; } | undefined, { status: VString<string | undefined, "optional">; startDate: VString<...>; endDate: VString<...>; }, "optional", "status" | ... 1 more ... | "endDate">'.
convex/security/secureContractOperations.ts(257,91): error TS2339: Property 'startDate' does not exist on type 'VObject<{ status?: string | undefined; startDate?: string | undefined; endDate?: string | undefined; } | undefined, { status: VString<string | undefined, "optional">; startDate: VString<...>; endDate: VString<...>; }, "optional", "status" | ... 1 more ... | "endDate">'.
convex/security/secureContractOperations.ts(259,24): error TS2339: Property 'endDate' does not exist on type 'VObject<{ status?: string | undefined; startDate?: string | undefined; endDate?: string | undefined; } | undefined, { status: VString<string | undefined, "optional">; startDate: VString<...>; endDate: VString<...>; }, "optional", "status" | ... 1 more ... | "endDate">'.
convex/security/secureContractOperations.ts(260,91): error TS2339: Property 'endDate' does not exist on type 'VObject<{ status?: string | undefined; startDate?: string | undefined; endDate?: string | undefined; } | undefined, { status: VString<string | undefined, "optional">; startDate: VString<...>; endDate: VString<...>; }, "optional", "status" | ... 1 more ... | "endDate">'.
convex/security/secureContractOperations.ts(267,12): error TS2678: Type 'string' is not comparable to type 'VUnion<"csv" | "json" | "xlsx", [VLiteral<"csv", "required">, VLiteral<"json", "required">, VLiteral<"xlsx", "required">], "required", never>'.
convex/security/secureContractOperations.ts(270,12): error TS2678: Type 'string' is not comparable to type 'VUnion<"csv" | "json" | "xlsx", [VLiteral<"csv", "required">, VLiteral<"json", "required">, VLiteral<"xlsx", "required">], "required", never>'.
convex/security/secureContractOperations.ts(273,12): error TS2678: Type 'string' is not comparable to type 'VUnion<"csv" | "json" | "xlsx", [VLiteral<"csv", "required">, VLiteral<"json", "required">, VLiteral<"xlsx", "required">], "required", never>'.
convex/security/secureWrapper.ts(7,10): error TS2724: '"convex/values"' has no exported member named 'Values'. Did you mean 'Value'?
convex/security/secureWrapper.ts(101,11): error TS2379: Argument of type '{ userId: Id<"users">; cost: number | undefined; }' is not assignable to parameter of type '{ userId?: Id<"users">; ipAddress?: string; cost?: number; }' with 'exactOptionalPropertyTypes: true'. Consider adding 'undefined' to the types of the target's properties.
  Types of property 'cost' are incompatible.
    Type 'number | undefined' is not assignable to type 'number'.
      Type 'undefined' is not assignable to type 'number'.
convex/security/secureWrapper.ts(149,11): error TS2379: Argument of type '{ userId: Id<"users">; cost: number | undefined; }' is not assignable to parameter of type '{ userId?: Id<"users">; ipAddress?: string; cost?: number; }' with 'exactOptionalPropertyTypes: true'. Consider adding 'undefined' to the types of the target's properties.
  Types of property 'cost' are incompatible.
    Type 'number | undefined' is not assignable to type 'number'.
      Type 'undefined' is not assignable to type 'number'.
convex/users.ts(64,14): error TS2451: Cannot redeclare block-scoped variable 'getEnterpriseUsers'.
convex/users.ts(135,44): error TS2379: Argument of type '{ lastLoginAt: string; firstName: string | undefined; lastName: string | undefined; email: string; }' is not assignable to parameter of type 'Partial<{ _id: Id<"users">; _creationTime: number; updatedAt?: string; title?: string; isActive?: boolean; firstName?: string; lastName?: string; lastLoginAt?: string; phoneNumber?: string; department?: string; ... 4 more ...; role: "user" | ... 3 more ... | "viewer"; }>' with 'exactOptionalPropertyTypes: true'. Consider adding 'undefined' to the types of the target's properties.
  Types of property 'firstName' are incompatible.
    Type 'string | undefined' is not assignable to type 'string'.
      Type 'undefined' is not assignable to type 'string'.
convex/users.ts(202,49): error TS2379: Argument of type '{ clerkId: string; email: string; firstName: string | undefined; lastName: string | undefined; enterpriseId: Id<"enterprises">; role: "user" | "manager" | "owner" | "admin" | "viewer"; isActive: true; lastLoginAt: string; createdAt: string; }' is not assignable to parameter of type '{ updatedAt?: string; title?: string; isActive?: boolean; firstName?: string; lastName?: string; lastLoginAt?: string; phoneNumber?: string; department?: string; createdAt: string; email: string; clerkId: string; enterpriseId: Id<...>; role: "user" | ... 3 more ... | "viewer"; }' with 'exactOptionalPropertyTypes: true'. Consider adding 'undefined' to the types of the target's properties.
  Types of property 'firstName' are incompatible.
    Type 'string | undefined' is not assignable to type 'string'.
      Type 'undefined' is not assignable to type 'string'.
convex/users.ts(222,14): error TS2451: Cannot redeclare block-scoped variable 'getEnterpriseUsers'.
convex/users.ts(464,10): error TS2412: Type 'undefined' is not assignable to type 'string' with 'exactOptionalPropertyTypes: true'. Consider adding 'undefined' to the type of the target.
convex/users.ts(475,11): error TS2412: Type 'undefined' is not assignable to type 'string' with 'exactOptionalPropertyTypes: true'. Consider adding 'undefined' to the type of the target.
convex/users.ts(484,7): error TS2412: Type 'string | undefined' is not assignable to type 'string' with 'exactOptionalPropertyTypes: true'. Consider adding 'undefined' to the type of the target.
  Type 'undefined' is not assignable to type 'string'.
convex/users.ts(487,7): error TS2412: Type 'string | undefined' is not assignable to type 'string' with 'exactOptionalPropertyTypes: true'. Consider adding 'undefined' to the type of the target.
  Type 'undefined' is not assignable to type 'string'.
convex/users.ts(490,7): error TS2412: Type 'string | undefined' is not assignable to type 'string' with 'exactOptionalPropertyTypes: true'. Consider adding 'undefined' to the type of the target.
  Type 'undefined' is not assignable to type 'string'.
convex/vendors.ts(75,53): error TS2379: Argument of type '{ enterpriseId: Id<"enterprises">; name: string; contactEmail: string | undefined; contactPhone: string | undefined; address: string | undefined; notes: string | undefined; website: string | undefined; category: "legal" | ... 9 more ... | undefined; createdAt: string; }' is not assignable to parameter of type '{ status?: "inactive" | "active"; category?: "legal" | "technology" | "marketing" | "finance" | "hr" | "facilities" | "logistics" | "manufacturing" | "consulting" | "other"; contactEmail?: string; ... 6 more ...; enterpriseId: Id<...>; }' with 'exactOptionalPropertyTypes: true'. Consider adding 'undefined' to the types of the target's properties.
  Types of property 'category' are incompatible.
    Type '"legal" | "technology" | "marketing" | "finance" | "hr" | "facilities" | "logistics" | "manufacturing" | "consulting" | "other" | undefined' is not assignable to type '"legal" | "technology" | "marketing" | "finance" | "hr" | "facilities" | "logistics" | "manufacturing" | "consulting" | "other"'.
      Type 'undefined' is not assignable to type '"legal" | "technology" | "marketing" | "finance" | "hr" | "facilities" | "logistics" | "manufacturing" | "consulting" | "other"'.
sentry.client.config.ts(3,13): error TS2379: Argument of type '{ dsn: string | undefined; tracesSampleRate: number; replaysSessionSampleRate: number; replaysOnErrorSampleRate: number; debug: boolean; integrations: any[]; environment: "development" | "production" | "test"; release: string; beforeSend(event: ErrorEvent, hint: EventHint): ErrorEvent | null; initialScope: { ...; }; }' is not assignable to parameter of type 'Options<BaseTransportOptions> | BrowserOptions | NodeOptions | VercelEdgeOptions' with 'exactOptionalPropertyTypes: true'. Consider adding 'undefined' to the types of the target's properties.
  Type '{ dsn: string | undefined; tracesSampleRate: number; replaysSessionSampleRate: number; replaysOnErrorSampleRate: number; debug: boolean; integrations: any[]; environment: "development" | "production" | "test"; release: string; beforeSend(event: ErrorEvent, hint: EventHint): ErrorEvent | null; initialScope: { ...; }; }' is not assignable to type 'BrowserOptions' with 'exactOptionalPropertyTypes: true'. Consider adding 'undefined' to the types of the target's properties.
    Type '{ dsn: string | undefined; tracesSampleRate: number; replaysSessionSampleRate: number; replaysOnErrorSampleRate: number; debug: boolean; integrations: any[]; environment: "development" | "production" | "test"; release: string; beforeSend(event: ErrorEvent, hint: EventHint): ErrorEvent | null; initialScope: { ...; }; }' is not assignable to type 'Options<BrowserTransportOptions>' with 'exactOptionalPropertyTypes: true'. Consider adding 'undefined' to the types of the target's properties.
      Types of property 'dsn' are incompatible.
        Type 'string | undefined' is not assignable to type 'string'.
          Type 'undefined' is not assignable to type 'string'.
sentry.client.config.ts(21,16): error TS2339: Property 'Replay' does not exist on type 'typeof import("/home/dpxrk/pactwise-fork/node_modules/@sentry/nextjs/build/types/index.types")'.
sentry.client.config.ts(27,16): error TS2339: Property 'BrowserTracing' does not exist on type 'typeof import("/home/dpxrk/pactwise-fork/node_modules/@sentry/nextjs/build/types/index.types")'.
sentry.client.config.ts(29,38): error TS2339: Property 'nextjsRouterInstrumentation' does not exist on type 'typeof import("/home/dpxrk/pactwise-fork/node_modules/@sentry/nextjs/build/types/index.types")'.
sentry.server.config.ts(3,13): error TS2379: Argument of type '{ dsn: string | undefined; tracesSampleRate: number; debug: boolean; environment: "development" | "production" | "test"; release: string; integrations: any[]; beforeSend(event: ErrorEvent, hint: EventHint): ErrorEvent | null; initialScope: { ...; }; }' is not assignable to parameter of type 'Options<BaseTransportOptions> | BrowserOptions | NodeOptions | VercelEdgeOptions' with 'exactOptionalPropertyTypes: true'. Consider adding 'undefined' to the types of the target's properties.
  Type '{ dsn: string | undefined; tracesSampleRate: number; debug: boolean; environment: "development" | "production" | "test"; release: string; integrations: any[]; beforeSend(event: ErrorEvent, hint: EventHint): ErrorEvent | null; initialScope: { ...; }; }' is not assignable to type 'VercelEdgeOptions' with 'exactOptionalPropertyTypes: true'. Consider adding 'undefined' to the types of the target's properties.
    Types of property 'dsn' are incompatible.
      Type 'string | undefined' is not assignable to type 'string'.
        Type 'undefined' is not assignable to type 'string'.
sentry.server.config.ts(20,16): error TS2551: Property 'HttpIntegration' does not exist on type 'typeof import("/home/dpxrk/pactwise-fork/node_modules/@sentry/nextjs/build/types/index.types")'. Did you mean 'httpIntegration'?
src/app/ConvexClientProvider.tsx(19,13): error TS7030: Not all code paths return a value.
src/app/ConvexClientProvider.tsx(66,6): error TS2375: Type '{ children: Element; publishableKey: string | undefined; }' is not assignable to type 'IntrinsicAttributes & Without<NextClerkProviderProps, "__unstable_invokeMiddlewareOnAuthStateChange">' with 'exactOptionalPropertyTypes: true'. Consider adding 'undefined' to the types of the target's properties.
  Type '{ children: Element; publishableKey: string | undefined; }' is missing the following properties from type 'Without<Without<Without<PendingSessionOptions & { routerPush: RouterFn; routerReplace: RouterFn; routerDebug?: boolean; } & SignInForceRedirectUrl & ... 7 more ... & { ...; }, "isSatellite"> & { ...; } & { ...; } & { ...; }, "publishableKey"> & { ...; }, "__unstable_invokeMiddlewareOnAuthStateChange">': routerPush, routerReplace, isSatellite, proxyUrl
src/app/_components/agents/AgentSystemStatus.tsx(95,13): error TS18047: 'system' is possibly 'null'.
src/app/_components/agents/AgentSystemStatus.tsx(110,10): error TS18047: 'system' is possibly 'null'.
src/app/_components/agents/AgentSystemStatus.tsx(110,33): error TS18047: 'system' is possibly 'null'.
src/app/_components/agents/AgentSystemStatus.tsx(112,32): error TS18047: 'system' is possibly 'null'.
src/app/_components/agents/AgentSystemStatus.tsx(141,58): error TS18047: 'system' is possibly 'null'.
src/app/_components/agents/AgentSystemStatus.tsx(142,22): error TS18047: 'system' is possibly 'null'.
src/app/_components/agents/AgentSystemStatus.tsx(142,62): error TS18047: 'system' is possibly 'null'.
src/app/_components/agents/AgentSystemStatus.tsx(162,16): error TS18047: 'system' is possibly 'null'.
src/app/_components/agents/AgentSystemStatus.tsx(204,16): error TS18047: 'system' is possibly 'null'.
src/app/_components/agents/AgentSystemStatus.tsx(206,38): error TS18047: 'system' is possibly 'null'.
src/app/_components/agents/AgentSystemStatus.tsx(252,12): error TS18047: 'system' is possibly 'null'.
src/app/_components/agents/AgentSystemStatus.tsx(258,61): error TS18047: 'system' is possibly 'null'.
src/app/_components/agents/AgentSystemStatus.tsx(265,12): error TS18047: 'system' is possibly 'null'.
src/app/_components/agents/AgentSystemStatus.tsx(274,49): error TS18047: 'system' is possibly 'null'.
src/app/_components/agents/AgentSystemStatus.tsx(278,49): error TS18047: 'system' is possibly 'null'.
src/app/_components/agents/AgentSystemStatus.tsx(283,22): error TS18047: 'system' is possibly 'null'.
src/app/_components/agents/AgentSystemStatus.tsx(284,39): error TS18047: 'system' is possibly 'null'.
src/app/_components/agents/AgentSystemStatus.tsx(293,22): error TS18047: 'system' is possibly 'null'.
src/app/_components/agents/AgentSystemStatus.tsx(295,22): error TS18047: 'system' is possibly 'null'.
src/app/_components/agents/AgentSystemStatus.tsx(296,40): error TS18047: 'system' is possibly 'null'.
src/app/_components/analytics/DateRangePicker.tsx(204,15): error TS2322: Type '(range: DateRange | undefined) => void' is not assignable to type 'SelectRangeEventHandler'.
  Types of parameters 'range' and 'range' are incompatible.
    Type 'import("/home/dpxrk/pactwise-fork/node_modules/react-day-picker/dist/index").DateRange | undefined' is not assignable to type 'import("/home/dpxrk/pactwise-fork/src/app/_components/analytics/DateRangePicker").DateRange | undefined'.
      Type 'import("/home/dpxrk/pactwise-fork/node_modules/react-day-picker/dist/index").DateRange' is not assignable to type 'import("/home/dpxrk/pactwise-fork/src/app/_components/analytics/DateRangePicker").DateRange'.
        Property 'to' is optional in type 'DateRange' but required in type 'DateRange'.
src/app/_components/analytics/DrillDownModal.tsx(100,16): error TS18048: 'aVal' is possibly 'undefined'.
src/app/_components/analytics/DrillDownModal.tsx(100,23): error TS18048: 'bVal' is possibly 'undefined'.
src/app/_components/analytics/DrillDownModal.tsx(102,16): error TS18048: 'aVal' is possibly 'undefined'.
src/app/_components/analytics/DrillDownModal.tsx(102,23): error TS18048: 'bVal' is possibly 'undefined'.
src/app/_components/analytics/InteractiveChart.tsx(134,24): error TS2532: Object is possibly 'undefined'.
src/app/_components/analytics/InteractiveChart.tsx(135,23): error TS2532: Object is possibly 'undefined'.
src/app/_components/auth/PermissionGate.tsx(283,7): error TS2322: Type 'string | undefined' is not assignable to type 'string'.
  Type 'undefined' is not assignable to type 'string'.
src/app/_components/auth/PermissionGate.tsx(317,7): error TS2412: Type '{ resourceType: "contract"; resourceId: Id<"contracts">; createdBy: Id<"users"> | undefined; } | undefined' is not assignable to type 'ResourceOwnership | undefined' with 'exactOptionalPropertyTypes: true'. Consider adding 'undefined' to the type of the target.
src/app/_components/auth/PermissionGate.tsx(348,7): error TS2412: Type '{ resourceType: "vendor"; resourceId: Id<"vendors">; createdBy: Id<"users"> | undefined; } | undefined' is not assignable to type 'ResourceOwnership | undefined' with 'exactOptionalPropertyTypes: true'. Consider adding 'undefined' to the type of the target.
src/app/_components/auth/SessionWrapper.tsx(15,13): error TS7030: Not all code paths return a value.
src/app/_components/auth/UnauthorizedPage.tsx(293,44): error TS2339: Property 'showRequestAccess' does not exist on type '{ icon: ForwardRefExoticComponent<Omit<LucideProps, "ref"> & RefAttributes<SVGSVGElement>>; title: string; defaultDescription: string; severity: "error"; showRequestAccess: boolean; } | ... 6 more ... | { ...; }'.
  Property 'showRequestAccess' does not exist on type '{ icon: ForwardRefExoticComponent<Omit<LucideProps, "ref"> & RefAttributes<SVGSVGElement>>; title: string; defaultDescription: string; severity: "error"; showContactSupport: boolean; }'.
src/app/_components/auth/UnauthorizedPage.tsx(296,45): error TS2339: Property 'showContactSupport' does not exist on type '{ icon: ForwardRefExoticComponent<Omit<LucideProps, "ref"> & RefAttributes<SVGSVGElement>>; title: string; defaultDescription: string; severity: "error"; showRequestAccess: boolean; } | ... 6 more ... | { ...; }'.
  Property 'showContactSupport' does not exist on type '{ icon: ForwardRefExoticComponent<Omit<LucideProps, "ref"> & RefAttributes<SVGSVGElement>>; title: string; defaultDescription: string; severity: "error"; showRequestAccess: boolean; }'.
src/app/_components/auth/UnauthorizedPage.tsx(322,44): error TS2339: Property 'showRequestAccess' does not exist on type '{ icon: ForwardRefExoticComponent<Omit<LucideProps, "ref"> & RefAttributes<SVGSVGElement>>; title: string; defaultDescription: string; severity: "error"; showRequestAccess: boolean; } | ... 6 more ... | { ...; }'.
  Property 'showRequestAccess' does not exist on type '{ icon: ForwardRefExoticComponent<Omit<LucideProps, "ref"> & RefAttributes<SVGSVGElement>>; title: string; defaultDescription: string; severity: "error"; showContactSupport: boolean; }'.
src/app/_components/auth/UnauthorizedPage.tsx(328,45): error TS2339: Property 'showContactSupport' does not exist on type '{ icon: ForwardRefExoticComponent<Omit<LucideProps, "ref"> & RefAttributes<SVGSVGElement>>; title: string; defaultDescription: string; severity: "error"; showRequestAccess: boolean; } | ... 6 more ... | { ...; }'.
  Property 'showContactSupport' does not exist on type '{ icon: ForwardRefExoticComponent<Omit<LucideProps, "ref"> & RefAttributes<SVGSVGElement>>; title: string; defaultDescription: string; severity: "error"; showRequestAccess: boolean; }'.
src/app/_components/auth/UnauthorizedPage.tsx(358,4): error TS2375: Type '{ reason: "insufficient_permissions"; resource: string | undefined; action: string | undefined; requiredRole: string | undefined; onRequestAccess: (() => void) | undefined; }' is not assignable to type 'UnauthorizedPageProps' with 'exactOptionalPropertyTypes: true'. Consider adding 'undefined' to the types of the target's properties.
  Types of property 'requiredRole' are incompatible.
    Type 'string | undefined' is not assignable to type 'string'.
      Type 'undefined' is not assignable to type 'string'.
src/app/_components/auth/UnauthorizedPage.tsx(372,4): error TS2375: Type '{ reason: "role_required"; requiredRole: string; resource: string | undefined; onRequestAccess: (() => void) | undefined; }' is not assignable to type 'UnauthorizedPageProps' with 'exactOptionalPropertyTypes: true'. Consider adding 'undefined' to the types of the target's properties.
  Types of property 'resource' are incompatible.
    Type 'string | undefined' is not assignable to type 'string'.
      Type 'undefined' is not assignable to type 'string'.
src/app/_components/auth/UnauthorizedPage.tsx(384,4): error TS2375: Type '{ reason: "enterprise_access"; enterprise: string; onContactSupport: (() => void) | undefined; showRequestAccess: false; }' is not assignable to type 'UnauthorizedPageProps' with 'exactOptionalPropertyTypes: true'. Consider adding 'undefined' to the types of the target's properties.
  Types of property 'onContactSupport' are incompatible.
    Type '(() => void) | undefined' is not assignable to type '() => void'.
      Type 'undefined' is not assignable to type '() => void'.
src/app/_components/auth/UnauthorizedPage.tsx(397,4): error TS2375: Type '{ reason: "resource_ownership"; resource: string; action: string | undefined; onRequestAccess: (() => void) | undefined; }' is not assignable to type 'UnauthorizedPageProps' with 'exactOptionalPropertyTypes: true'. Consider adding 'undefined' to the types of the target's properties.
  Types of property 'action' are incompatible.
    Type 'string | undefined' is not assignable to type 'string'.
      Type 'undefined' is not assignable to type 'string'.
src/app/_components/auth/UnauthorizedPage.tsx(410,4): error TS2375: Type '{ reason: "feature_disabled"; resource: string; customDescription: string | undefined; onContactSupport: (() => void) | undefined; showRequestAccess: false; }' is not assignable to type 'UnauthorizedPageProps' with 'exactOptionalPropertyTypes: true'. Consider adding 'undefined' to the types of the target's properties.
  Types of property 'customDescription' are incompatible.
    Type 'string | undefined' is not assignable to type 'string'.
      Type 'undefined' is not assignable to type 'string'.
src/app/_components/common/BulkActions.tsx(23,26): error TS2307: Cannot find module '@/components/ui/checkbox' or its corresponding type declarations.
src/app/_components/common/BulkActions.tsx(449,15): error TS7006: Parameter 'el' implicitly has an 'any' type.
src/app/_components/common/EmptyStates.tsx(225,6): error TS2375: Type '{ icon: any; title: string; description: string; action: any; className: string | undefined; }' is not assignable to type 'EmptyStateProps' with 'exactOptionalPropertyTypes: true'. Consider adding 'undefined' to the types of the target's properties.
  Types of property 'className' are incompatible.
    Type 'string | undefined' is not assignable to type 'string'.
      Type 'undefined' is not assignable to type 'string'.
src/app/_components/common/EmptyStates.tsx(226,20): error TS2339: Property 'icon' does not exist on type '{ title: string; description: string; action: { label: string; onClick: () => void; icon: ForwardRefExoticComponent<Omit<LucideProps, "ref"> & RefAttributes<SVGSVGElement>>; } | undefined; } | ... 4 more ... | { ...; }'.
  Property 'icon' does not exist on type '{ title: string; description: string; action: { label: string; onClick: () => void; icon: ForwardRefExoticComponent<Omit<LucideProps, "ref"> & RefAttributes<SVGSVGElement>>; } | undefined; }'.
src/app/_components/common/EmptyStates.tsx(229,22): error TS2339: Property 'action' does not exist on type '{ title: string; description: string; action: { label: string; onClick: () => void; icon: ForwardRefExoticComponent<Omit<LucideProps, "ref"> & RefAttributes<SVGSVGElement>>; } | undefined; } | ... 4 more ... | { ...; }'.
  Property 'action' does not exist on type '{ title: string; description: string; icon: ForwardRefExoticComponent<Omit<LucideProps, "ref"> & RefAttributes<SVGSVGElement>>; }'.
src/app/_components/common/EmptyStates.tsx(285,6): error TS2375: Type '{ icon: ForwardRefExoticComponent<Omit<LucideProps, "ref"> & RefAttributes<SVGSVGElement>>; title: string; description: string; action: any; className: string | undefined; }' is not assignable to type 'EmptyStateProps' with 'exactOptionalPropertyTypes: true'. Consider adding 'undefined' to the types of the target's properties.
  Types of property 'className' are incompatible.
    Type 'string | undefined' is not assignable to type 'string'.
      Type 'undefined' is not assignable to type 'string'.
src/app/_components/common/EmptyStates.tsx(289,22): error TS2339: Property 'action' does not exist on type '{ title: string; description: string; action: { label: string; onClick: () => void; icon: ForwardRefExoticComponent<Omit<LucideProps, "ref"> & RefAttributes<SVGSVGElement>>; } | undefined; } | { ...; } | { ...; } | { ...; } | { ...; }'.
  Property 'action' does not exist on type '{ title: string; description: string; }'.
src/app/_components/common/EmptyStates.tsx(303,4): error TS2375: Type '{ children: false | Element; icon: ForwardRefExoticComponent<Omit<LucideProps, "ref"> & RefAttributes<SVGSVGElement>>; title: string; description: string; action: { ...; } | undefined; className: string | undefined; }' is not assignable to type 'EmptyStateProps' with 'exactOptionalPropertyTypes: true'. Consider adding 'undefined' to the types of the target's properties.
  Types of property 'action' are incompatible.
    Type '{ label: string; onClick: () => void; variant: "outline"; } | undefined' is not assignable to type '{ label: string; onClick: () => void; variant?: "default" | "outline" | "secondary"; icon?: ComponentType<{ className?: string; }>; }'.
      Type 'undefined' is not assignable to type '{ label: string; onClick: () => void; variant?: "default" | "outline" | "secondary"; icon?: ComponentType<{ className?: string; }>; }'.
src/app/_components/common/EmptyStates.tsx(366,6): error TS2375: Type '{ icon: ForwardRefExoticComponent<Omit<LucideProps, "ref"> & RefAttributes<SVGSVGElement>>; title: string; description: string; action: any; className: string | undefined; }' is not assignable to type 'EmptyStateProps' with 'exactOptionalPropertyTypes: true'. Consider adding 'undefined' to the types of the target's properties.
  Types of property 'className' are incompatible.
    Type 'string | undefined' is not assignable to type 'string'.
      Type 'undefined' is not assignable to type 'string'.
src/app/_components/common/EmptyStates.tsx(370,22): error TS2339: Property 'action' does not exist on type '{ title: string; description: string; icon: ForwardRefExoticComponent<Omit<LucideProps, "ref"> & RefAttributes<SVGSVGElement>>; } | { ...; } | { ...; }'.
  Property 'action' does not exist on type '{ title: string; description: string; icon: ForwardRefExoticComponent<Omit<LucideProps, "ref"> & RefAttributes<SVGSVGElement>>; }'.
src/app/_components/common/EmptyStates.tsx(403,6): error TS2375: Type '{ icon: ForwardRefExoticComponent<Omit<LucideProps, "ref"> & RefAttributes<SVGSVGElement>>; ... 4 more ...; className: string | undefined; }' is not assignable to type 'EmptyStateProps' with 'exactOptionalPropertyTypes: true'. Consider adding 'undefined' to the types of the target's properties.
  Types of property 'className' are incompatible.
    Type 'string | undefined' is not assignable to type 'string'.
      Type 'undefined' is not assignable to type 'string'.
src/app/_components/common/EmptyStates.tsx(421,4): error TS2375: Type '{ icon: ForwardRefExoticComponent<Omit<LucideProps, "ref"> & RefAttributes<SVGSVGElement>>; ... 4 more ...; className: string; }' is not assignable to type 'EmptyStateProps' with 'exactOptionalPropertyTypes: true'. Consider adding 'undefined' to the types of the target's properties.
  Types of property 'action' are incompatible.
    Type '{ label: string; onClick: () => void; icon: ForwardRefExoticComponent<Omit<LucideProps, "ref"> & RefAttributes<SVGSVGElement>>; } | undefined' is not assignable to type '{ label: string; onClick: () => void; variant?: "default" | "outline" | "secondary"; icon?: ComponentType<{ className?: string; }>; }'.
      Type 'undefined' is not assignable to type '{ label: string; onClick: () => void; variant?: "default" | "outline" | "secondary"; icon?: ComponentType<{ className?: string; }>; }'.
src/app/_components/common/EmptyStates.tsx(442,4): error TS2375: Type '{ icon: ForwardRefExoticComponent<Omit<LucideProps, "ref"> & RefAttributes<SVGSVGElement>>; title: string; description: string; action: { ...; } | undefined; className: string | undefined; }' is not assignable to type 'EmptyStateProps' with 'exactOptionalPropertyTypes: true'. Consider adding 'undefined' to the types of the target's properties.
  Types of property 'action' are incompatible.
    Type '{ label: string; onClick: () => void; variant: "outline"; } | undefined' is not assignable to type '{ label: string; onClick: () => void; variant?: "default" | "outline" | "secondary"; icon?: ComponentType<{ className?: string; }>; }'.
      Type 'undefined' is not assignable to type '{ label: string; onClick: () => void; variant?: "default" | "outline" | "secondary"; icon?: ComponentType<{ className?: string; }>; }'.
src/app/_components/common/EmptyStates.tsx(463,4): error TS2375: Type '{ children: "" | Element | undefined; icon: ForwardRefExoticComponent<Omit<LucideProps, "ref"> & RefAttributes<SVGSVGElement>>; title: string; description: string; action: { ...; } | undefined; className: string | undefined; }' is not assignable to type 'EmptyStateProps' with 'exactOptionalPropertyTypes: true'. Consider adding 'undefined' to the types of the target's properties.
  Types of property 'action' are incompatible.
    Type '{ label: string; onClick: () => void; variant: "outline"; icon: ForwardRefExoticComponent<Omit<LucideProps, "ref"> & RefAttributes<SVGSVGElement>>; } | undefined' is not assignable to type '{ label: string; onClick: () => void; variant?: "default" | "outline" | "secondary"; icon?: ComponentType<{ className?: string; }>; }'.
      Type 'undefined' is not assignable to type '{ label: string; onClick: () => void; variant?: "default" | "outline" | "secondary"; icon?: ComponentType<{ className?: string; }>; }'.
src/app/_components/common/EmptyStates.tsx(497,4): error TS2375: Type '{ children: "" | Element | undefined; icon: ForwardRefExoticComponent<Omit<LucideProps, "ref"> & RefAttributes<SVGSVGElement>>; ... 5 more ...; className: string | undefined; }' is not assignable to type 'EmptyStateProps' with 'exactOptionalPropertyTypes: true'. Consider adding 'undefined' to the types of the target's properties.
  Types of property 'action' are incompatible.
    Type '{ label: string; onClick: () => void; variant: "outline"; } | undefined' is not assignable to type '{ label: string; onClick: () => void; variant?: "default" | "outline" | "secondary"; icon?: ComponentType<{ className?: string; }>; }'.
      Type 'undefined' is not assignable to type '{ label: string; onClick: () => void; variant?: "default" | "outline" | "secondary"; icon?: ComponentType<{ className?: string; }>; }'.
src/app/_components/common/ErrorBoundary.tsx(265,64): error TS2552: Cannot find name 'setIsExpanded'. Did you mean 'isExpanded'?
src/app/_components/common/ExportOptions.tsx(25,26): error TS2307: Cannot find module '@/components/ui/checkbox' or its corresponding type declarations.
src/app/_components/common/ExportOptions.tsx(144,20): error TS7053: Element implicitly has an 'any' type because expression of type '"vendors" | "analytics" | "contracts" | "custom"' can't be used to index type '{ contracts: { basic: string[]; financial: string[]; dates: string[]; details: string[]; metadata: string[]; }; vendors: { basic: string[]; contact: string[]; performance: string[]; metadata: string[]; }; analytics: { summary: string[]; performance: string[]; compliance: string[]; trends: string[]; }; }'.
  Property 'custom' does not exist on type '{ contracts: { basic: string[]; financial: string[]; dates: string[]; details: string[]; metadata: string[]; }; vendors: { basic: string[]; contact: string[]; performance: string[]; metadata: string[]; }; analytics: { summary: string[]; performance: string[]; compliance: string[]; trends: string[]; }; }'.
src/app/_components/common/ExportOptions.tsx(164,20): error TS7053: Element implicitly has an 'any' type because expression of type '"vendors" | "analytics" | "contracts" | "custom"' can't be used to index type '{ contracts: { basic: string[]; financial: string[]; dates: string[]; details: string[]; metadata: string[]; }; vendors: { basic: string[]; contact: string[]; performance: string[]; metadata: string[]; }; analytics: { summary: string[]; performance: string[]; compliance: string[]; trends: string[]; }; }'.
  Property 'custom' does not exist on type '{ contracts: { basic: string[]; financial: string[]; dates: string[]; details: string[]; metadata: string[]; }; vendors: { basic: string[]; contact: string[]; performance: string[]; metadata: string[]; }; analytics: { summary: string[]; performance: string[]; compliance: string[]; trends: string[]; }; }'.
src/app/_components/common/ExportOptions.tsx(166,7): error TS18046: 'fieldList' is of type 'unknown'.
src/app/_components/common/ExportOptions.tsx(166,21): error TS7006: Parameter 'field' implicitly has an 'any' type.
src/app/_components/common/ExportOptions.tsx(260,33): error TS2769: No overload matches this call.
  Overload 1 of 2, '(o: {}): string[]', gave the following error.
    Argument of type 'Record<string, unknown> | undefined' is not assignable to parameter of type '{}'.
      Type 'undefined' is not assignable to type '{}'.
  Overload 2 of 2, '(o: object): string[]', gave the following error.
    Argument of type 'Record<string, unknown> | undefined' is not assignable to parameter of type 'object'.
      Type 'undefined' is not assignable to type 'object'.
src/app/_components/common/ExportOptions.tsx(355,22): error TS7053: Element implicitly has an 'any' type because expression of type '"vendors" | "analytics" | "contracts" | "custom"' can't be used to index type '{ contracts: { basic: string[]; financial: string[]; dates: string[]; details: string[]; metadata: string[]; }; vendors: { basic: string[]; contact: string[]; performance: string[]; metadata: string[]; }; analytics: { summary: string[]; performance: string[]; compliance: string[]; trends: string[]; }; }'.
  Property 'custom' does not exist on type '{ contracts: { basic: string[]; financial: string[]; dates: string[]; details: string[]; metadata: string[]; }; vendors: { basic: string[]; contact: string[]; performance: string[]; metadata: string[]; }; analytics: { summary: string[]; performance: string[]; compliance: string[]; trends: string[]; }; }'.
src/app/_components/common/ExportOptions.tsx(417,31): error TS7053: Element implicitly has an 'any' type because expression of type '"vendors" | "analytics" | "contracts" | "custom"' can't be used to index type '{ contracts: { basic: string[]; financial: string[]; dates: string[]; details: string[]; metadata: string[]; }; vendors: { basic: string[]; contact: string[]; performance: string[]; metadata: string[]; }; analytics: { summary: string[]; performance: string[]; compliance: string[]; trends: string[]; }; }'.
  Property 'custom' does not exist on type '{ contracts: { basic: string[]; financial: string[]; dates: string[]; details: string[]; metadata: string[]; }; vendors: { basic: string[]; contact: string[]; performance: string[]; metadata: string[]; }; analytics: { summary: string[]; performance: string[]; compliance: string[]; trends: string[]; }; }'.
src/app/_components/common/ExportOptions.tsx(423,22): error TS18046: 'fields' is of type 'unknown'.
src/app/_components/common/ExportOptions.tsx(423,33): error TS7006: Parameter 'field' implicitly has an 'any' type.
src/app/_components/common/ExportOptions.tsx(428,45): error TS7006: Parameter 'checked' implicitly has an 'any' type.
src/app/_components/common/ExportOptions.tsx(456,37): error TS7006: Parameter 'checked' implicitly has an 'any' type.
src/app/_components/common/GlobalErrorHandler.tsx(317,14): error TS2375: Type '{ key: string; error: AppError; onDismiss: () => void; onViewDetails: (() => void) | undefined; }' is not assignable to type '{ error: AppError; onDismiss: () => void; onViewDetails?: () => void; }' with 'exactOptionalPropertyTypes: true'. Consider adding 'undefined' to the types of the target's properties.
  Types of property 'onViewDetails' are incompatible.
    Type '(() => void) | undefined' is not assignable to type '() => void'.
      Type 'undefined' is not assignable to type '() => void'.
src/app/_components/common/LoadingStates.tsx(7,26): error TS2307: Cannot find module '@/components/ui/skeleton' or its corresponding type declarations.
src/app/_components/common/NotificationCenter.tsx(133,54): error TS7006: Parameter 'notification' implicitly has an 'any' type.
src/app/_components/common/NotificationCenter.tsx(151,13): error TS2349: This expression is not callable.
  Type '{ execute: (args: any) => Promise<any>; isLoading: boolean; error: Error | null; }' has no call signatures.
src/app/_components/common/NotificationCenter.tsx(159,13): error TS2349: This expression is not callable.
  Type '{ execute: (args: any) => Promise<any>; isLoading: boolean; error: Error | null; }' has no call signatures.
src/app/_components/common/NotificationCenter.tsx(167,13): error TS2349: This expression is not callable.
  Type '{ execute: (args: any) => Promise<any>; isLoading: boolean; error: Error | null; }' has no call signatures.
src/app/_components/common/NotificationCenter.tsx(357,35): error TS7006: Parameter 'n' implicitly has an 'any' type.
src/app/_components/common/ToastNotifications.tsx(147,10): error TS2375: Type '{ type: "success"; title: string | undefined; description: string; action: ToastAction | undefined; onDismiss: () => string | number; dismissible: boolean | undefined; className: string | undefined; data: Record<...> | undefined; }' is not assignable to type '{ type: ToastType; title?: string; description?: string; action?: ToastAction; onDismiss?: () => void; dismissible?: boolean; className?: string; data?: Record<string, any>; }' with 'exactOptionalPropertyTypes: true'. Consider adding 'undefined' to the types of the target's properties.
  Types of property 'title' are incompatible.
    Type 'string | undefined' is not assignable to type 'string'.
      Type 'undefined' is not assignable to type 'string'.
src/app/_components/common/ToastNotifications.tsx(158,7): error TS2379: Argument of type '{ duration: number; id: string | undefined; }' is not assignable to parameter of type 'ExternalToast' with 'exactOptionalPropertyTypes: true'. Consider adding 'undefined' to the types of the target's properties.
  Type '{ duration: number; id: string | undefined; }' is not assignable to type '{ id?: string | number; }' with 'exactOptionalPropertyTypes: true'. Consider adding 'undefined' to the types of the target's properties.
    Types of property 'id' are incompatible.
      Type 'string | undefined' is not assignable to type 'string | number'.
        Type 'undefined' is not assignable to type 'string | number'.
src/app/_components/common/ToastNotifications.tsx(168,10): error TS2375: Type '{ type: "error"; title: string; description: string; action: ToastAction | undefined; onDismiss: () => string | number; dismissible: boolean | undefined; className: string | undefined; data: Record<...> | undefined; }' is not assignable to type '{ type: ToastType; title?: string; description?: string; action?: ToastAction; onDismiss?: () => void; dismissible?: boolean; className?: string; data?: Record<string, any>; }' with 'exactOptionalPropertyTypes: true'. Consider adding 'undefined' to the types of the target's properties.
  Types of property 'action' are incompatible.
    Type 'ToastAction | undefined' is not assignable to type 'ToastAction'.
      Type 'undefined' is not assignable to type 'ToastAction'.
src/app/_components/common/ToastNotifications.tsx(179,7): error TS2379: Argument of type '{ duration: number; id: string | undefined; }' is not assignable to parameter of type 'ExternalToast' with 'exactOptionalPropertyTypes: true'. Consider adding 'undefined' to the types of the target's properties.
  Type '{ duration: number; id: string | undefined; }' is not assignable to type '{ id?: string | number; }' with 'exactOptionalPropertyTypes: true'. Consider adding 'undefined' to the types of the target's properties.
    Types of property 'id' are incompatible.
      Type 'string | undefined' is not assignable to type 'string | number'.
        Type 'undefined' is not assignable to type 'string | number'.
src/app/_components/common/ToastNotifications.tsx(189,10): error TS2375: Type '{ type: "warning"; title: string; description: string; action: ToastAction | undefined; onDismiss: () => string | number; dismissible: boolean | undefined; className: string | undefined; data: Record<...> | undefined; }' is not assignable to type '{ type: ToastType; title?: string; description?: string; action?: ToastAction; onDismiss?: () => void; dismissible?: boolean; className?: string; data?: Record<string, any>; }' with 'exactOptionalPropertyTypes: true'. Consider adding 'undefined' to the types of the target's properties.
  Types of property 'action' are incompatible.
    Type 'ToastAction | undefined' is not assignable to type 'ToastAction'.
      Type 'undefined' is not assignable to type 'ToastAction'.
src/app/_components/common/ToastNotifications.tsx(200,7): error TS2379: Argument of type '{ duration: number; id: string | undefined; }' is not assignable to parameter of type 'ExternalToast' with 'exactOptionalPropertyTypes: true'. Consider adding 'undefined' to the types of the target's properties.
  Type '{ duration: number; id: string | undefined; }' is not assignable to type '{ id?: string | number; }' with 'exactOptionalPropertyTypes: true'. Consider adding 'undefined' to the types of the target's properties.
    Types of property 'id' are incompatible.
      Type 'string | undefined' is not assignable to type 'string | number'.
        Type 'undefined' is not assignable to type 'string | number'.
src/app/_components/common/ToastNotifications.tsx(210,10): error TS2375: Type '{ type: "info"; title: string | undefined; description: string; action: ToastAction | undefined; onDismiss: () => string | number; dismissible: boolean | undefined; className: string | undefined; data: Record<...> | undefined; }' is not assignable to type '{ type: ToastType; title?: string; description?: string; action?: ToastAction; onDismiss?: () => void; dismissible?: boolean; className?: string; data?: Record<string, any>; }' with 'exactOptionalPropertyTypes: true'. Consider adding 'undefined' to the types of the target's properties.
  Types of property 'title' are incompatible.
    Type 'string | undefined' is not assignable to type 'string'.
      Type 'undefined' is not assignable to type 'string'.
src/app/_components/common/ToastNotifications.tsx(221,7): error TS2379: Argument of type '{ duration: number; id: string | undefined; }' is not assignable to parameter of type 'ExternalToast' with 'exactOptionalPropertyTypes: true'. Consider adding 'undefined' to the types of the target's properties.
  Type '{ duration: number; id: string | undefined; }' is not assignable to type '{ id?: string | number; }' with 'exactOptionalPropertyTypes: true'. Consider adding 'undefined' to the types of the target's properties.
    Types of property 'id' are incompatible.
      Type 'string | undefined' is not assignable to type 'string | number'.
        Type 'undefined' is not assignable to type 'string | number'.
src/app/_components/common/ToastNotifications.tsx(231,10): error TS2375: Type '{ type: "loading"; title: string | undefined; description: string; onDismiss: () => string | number; dismissible: boolean; className: string | undefined; data: Record<string, any> | undefined; }' is not assignable to type '{ type: ToastType; title?: string; description?: string; action?: ToastAction; onDismiss?: () => void; dismissible?: boolean; className?: string; data?: Record<string, any>; }' with 'exactOptionalPropertyTypes: true'. Consider adding 'undefined' to the types of the target's properties.
  Types of property 'title' are incompatible.
    Type 'string | undefined' is not assignable to type 'string'.
      Type 'undefined' is not assignable to type 'string'.
src/app/_components/common/ToastNotifications.tsx(241,7): error TS2379: Argument of type '{ duration: number; id: string | undefined; }' is not assignable to parameter of type 'ExternalToast' with 'exactOptionalPropertyTypes: true'. Consider adding 'undefined' to the types of the target's properties.
  Type '{ duration: number; id: string | undefined; }' is not assignable to type '{ id?: string | number; }' with 'exactOptionalPropertyTypes: true'. Consider adding 'undefined' to the types of the target's properties.
    Types of property 'id' are incompatible.
      Type 'string | undefined' is not assignable to type 'string | number'.
        Type 'undefined' is not assignable to type 'string | number'.
src/app/_components/common/ToastNotifications.tsx(252,5): error TS2322: Type '(string & { unwrap: () => Promise<T>; }) | (number & { unwrap: () => Promise<T>; }) | { unwrap: () => Promise<T>; }' is not assignable to type 'Promise<T>'.
  Type 'String & { unwrap: () => Promise<T>; }' is missing the following properties from type 'Promise<T>': then, catch, finally, [Symbol.toStringTag]
src/app/_components/contracts/ContractForm.tsx(133,57): error TS2345: Argument of type '{ title: string; description: string; contractType: string; vendorId: string; effectiveDate: undefined; expiresAt: undefined; autoRenewal: false; currency: string; value: undefined; documents: never[]; }' is not assignable to parameter of type 'FormState | (() => FormState)'.
  Type '{ title: string; description: string; contractType: string; vendorId: string; effectiveDate: undefined; expiresAt: undefined; autoRenewal: false; currency: string; value: undefined; documents: never[]; }' is not assignable to type 'FormState' with 'exactOptionalPropertyTypes: true'. Consider adding 'undefined' to the types of the target's properties.
    Types of property 'effectiveDate' are incompatible.
      Type 'undefined' is not assignable to type 'Date'.
src/app/_components/contracts/ContractForm.tsx(151,20): error TS2345: Argument of type '{ title: any; description: any; contractType: any; vendorId: any; effectiveDate: Date | undefined; expiresAt: Date | undefined; autoRenewal: any; currency: any; value: number | undefined; documents: never[]; }' is not assignable to parameter of type 'SetStateAction<FormState>'.
  Type '{ title: any; description: any; contractType: any; vendorId: any; effectiveDate: Date | undefined; expiresAt: Date | undefined; autoRenewal: any; currency: any; value: number | undefined; documents: never[]; }' is not assignable to type 'FormState' with 'exactOptionalPropertyTypes: true'. Consider adding 'undefined' to the types of the target's properties.
    Types of property 'effectiveDate' are incompatible.
      Type 'Date | undefined' is not assignable to type 'Date'.
        Type 'undefined' is not assignable to type 'Date'.
src/app/_components/contracts/ContractForm.tsx(165,20): error TS2345: Argument of type '{ title: string; description: string; contractType: string; vendorId: string; effectiveDate: undefined; expiresAt: undefined; autoRenewal: false; currency: string; value: undefined; documents: never[]; }' is not assignable to parameter of type 'SetStateAction<FormState>'.
  Type '{ title: string; description: string; contractType: string; vendorId: string; effectiveDate: undefined; expiresAt: undefined; autoRenewal: false; currency: string; value: undefined; documents: never[]; }' is not assignable to type 'FormState' with 'exactOptionalPropertyTypes: true'. Consider adding 'undefined' to the types of the target's properties.
    Types of property 'effectiveDate' are incompatible.
      Type 'undefined' is not assignable to type 'Date'.
src/app/_components/contracts/ContractForm.tsx(231,28): error TS18048: 'fileToUpload' is possibly 'undefined'.
src/app/_components/contracts/ContractForm.tsx(232,28): error TS18048: 'fileToUpload' is possibly 'undefined'.
src/app/_components/contracts/ContractForm.tsx(234,71): error TS18048: 'fileToUpload' is possibly 'undefined'.
src/app/_components/contracts/ContractForm.tsx(237,70): error TS2769: No overload matches this call.
  Overload 1 of 2, '(input: string | URL | Request, init?: RequestInit | undefined): Promise<Response>', gave the following error.
    Argument of type '{ method: string; headers: { "Content-Type": string; }; body: File | undefined; }' is not assignable to parameter of type 'RequestInit' with 'exactOptionalPropertyTypes: true'. Consider adding 'undefined' to the types of the target's properties.
      Types of property 'body' are incompatible.
        Type 'File | undefined' is not assignable to type 'BodyInit | null'.
          Type 'undefined' is not assignable to type 'BodyInit | null'.
  Overload 2 of 2, '(input: URL | RequestInfo, init?: RequestInit | undefined): Promise<Response>', gave the following error.
    Argument of type '{ method: string; headers: { "Content-Type": string; }; body: File | undefined; }' is not assignable to parameter of type 'RequestInit' with 'exactOptionalPropertyTypes: true'. Consider adding 'undefined' to the types of the target's properties.
      Types of property 'body' are incompatible.
        Type 'File | undefined' is not assignable to type 'BodyInit | null'.
          Type 'undefined' is not assignable to type 'BodyInit | null'.
src/app/_components/contracts/ContractForm.tsx(238,56): error TS18048: 'fileToUpload' is possibly 'undefined'.
src/app/_components/contracts/ContractForm.tsx(241,62): error TS18048: 'fileToUpload' is possibly 'undefined'.
src/app/_components/contracts/ContractFormModal.tsx(46,12): error TS2769: No overload matches this call.
  Overload 1 of 2, '(props: ContractFormProps, context?: any): string | number | bigint | boolean | ReactElement<unknown, string | JSXElementConstructor<any>> | ... 4 more ... | undefined', gave the following error.
    Type '{ isModal: true; contractId: Id<"contracts"> | undefined; onClose: () => void; onSuccess: ((contractId: Id<"contracts">) => void) | undefined; }' is not assignable to type 'ContractFormProps' with 'exactOptionalPropertyTypes: true'. Consider adding 'undefined' to the types of the target's properties.
      Types of property 'contractId' are incompatible.
        Type 'Id<"contracts"> | undefined' is not assignable to type 'Id<"contracts">'.
          Type 'undefined' is not assignable to type 'Id<"contracts">'.
            Type 'undefined' is not assignable to type 'string'.
  Overload 2 of 2, '(props: ContractFormProps): string | number | bigint | boolean | ReactElement<unknown, string | JSXElementConstructor<any>> | ... 4 more ... | undefined', gave the following error.
    Type '{ isModal: true; contractId: Id<"contracts"> | undefined; onClose: () => void; onSuccess: ((contractId: Id<"contracts">) => void) | undefined; }' is not assignable to type 'ContractFormProps' with 'exactOptionalPropertyTypes: true'. Consider adding 'undefined' to the types of the target's properties.
      Types of property 'contractId' are incompatible.
        Type 'Id<"contracts"> | undefined' is not assignable to type 'Id<"contracts">'.
          Type 'undefined' is not assignable to type 'Id<"contracts">'.
            Type 'undefined' is not assignable to type 'string'.
src/app/_components/contracts/ContractTable.tsx(97,38): error TS7006: Parameter 'contract' implicitly has an 'any' type.
src/app/_components/contracts/ContractTable.tsx(119,20): error TS7006: Parameter 'a' implicitly has an 'any' type.
src/app/_components/contracts/ContractTable.tsx(119,23): error TS7006: Parameter 'b' implicitly has an 'any' type.
src/app/_components/contracts/ContractTable.tsx(357,44): error TS7006: Parameter 'contract' implicitly has an 'any' type.
src/app/_components/contracts/ContractTable.tsx(380,46): error TS7053: Element implicitly has an 'any' type because expression of type 'any' can't be used to index type 'Record<ContractStatus, string>'.
src/app/_components/dashboard/DashboardContent.tsx(86,30): error TS7006: Parameter 'total' implicitly has an 'any' type.
src/app/_components/dashboard/DashboardContent.tsx(86,37): error TS7006: Parameter 'contract' implicitly has an 'any' type.
src/app/_components/dashboard/DashboardContent.tsx(101,29): error TS7006: Parameter 'contract' implicitly has an 'any' type.
src/app/_components/dashboard/DashboardContent.tsx(152,21): error TS7006: Parameter 'vendor' implicitly has an 'any' type.
src/app/_components/dashboard/DashboardContent.tsx(183,23): error TS7006: Parameter 'contract' implicitly has an 'any' type.
src/app/_components/dashboard/DashboardContent.tsx(346,66): error TS2322: Type 'unknown' is not assignable to type 'ReactNode'.
src/app/_components/dashboard/DashboardContent.tsx(481,40): error TS7006: Parameter 'v' implicitly has an 'any' type.
src/app/_components/dashboard/DashboardContent.tsx(522,44): error TS7006: Parameter 'a' implicitly has an 'any' type.
src/app/_components/dashboard/DashboardContent.tsx(522,47): error TS7006: Parameter 'b' implicitly has an 'any' type.
src/app/_components/dashboard/DashboardContent.tsx(524,30): error TS7006: Parameter 'vendor' implicitly has an 'any' type.
src/app/_components/dashboard/DashboardContent.tsx(578,53): error TS7006: Parameter 'insight' implicitly has an 'any' type.
src/app/_components/dashboard/DashboardContent.tsx(578,62): error TS7006: Parameter 'index' implicitly has an 'any' type.
src/app/_components/onboarding/AccountTypeStep.tsx(113,43): error TS7006: Parameter 'inv' implicitly has an 'any' type.
src/app/_components/onboarding/InviteTeamStep.tsx(38,7): error TS2532: Object is possibly 'undefined'.
src/app/_components/onboarding/InviteTeamStep.tsx(40,7): error TS2532: Object is possibly 'undefined'.
src/app/_components/onboarding/OnboardingFlowManager.tsx(118,15): error TS2375: Type '{ userEmail: string | undefined; onStepComplete: (step: OnboardingStep, metadata?: any) => Promise<void>; }' is not assignable to type 'AccountTypeStepProps' with 'exactOptionalPropertyTypes: true'. Consider adding 'undefined' to the types of the target's properties.
  Types of property 'userEmail' are incompatible.
    Type 'string | undefined' is not assignable to type 'string'.
      Type 'undefined' is not assignable to type 'string'.
src/app/_components/search/AdvancedFilters.tsx(30,26): error TS2307: Cannot find module '@/components/ui/checkbox' or its corresponding type declarations.
src/app/_components/search/AdvancedFilters.tsx(31,44): error TS2307: Cannot find module '@/components/ui/radio-group' or its corresponding type declarations.
src/app/_components/search/AdvancedFilters.tsx(32,24): error TS2307: Cannot find module '@/components/ui/slider' or its corresponding type declarations.
src/app/_components/search/AdvancedFilters.tsx(290,5): error TS2532: Object is possibly 'undefined'.
src/app/_components/search/AdvancedFilters.tsx(306,23): error TS2379: Argument of type '{ fieldId: string; value: FilterValue; operator: any; label: string | undefined; }' is not assignable to parameter of type 'ActiveFilter' with 'exactOptionalPropertyTypes: true'. Consider adding 'undefined' to the types of the target's properties.
  Types of property 'label' are incompatible.
    Type 'string | undefined' is not assignable to type 'string'.
      Type 'undefined' is not assignable to type 'string'.
src/app/_components/search/AdvancedFilters.tsx(405,37): error TS7006: Parameter 'checked' implicitly has an 'any' type.
src/app/_components/search/AdvancedFilters.tsx(429,29): error TS7006: Parameter 'val' implicitly has an 'any' type.
src/app/_components/search/AdvancedFilters.tsx(445,33): error TS7006: Parameter 'checked' implicitly has an 'any' type.
src/app/_components/search/AdvancedFilters.tsx(464,60): error TS2345: Argument of type 'Date | undefined' is not assignable to parameter of type 'FilterValue'.
  Type 'undefined' is not assignable to type 'FilterValue'.
src/app/_components/search/AdvancedFilters.tsx(555,31): error TS7006: Parameter 'vals' implicitly has an 'any' type.
src/app/_components/search/AdvancedFilters.tsx(562,45): error TS2322: Type 'string | number | true | string[] | Date | { min: number; max: number; } | { start: Date; end: Date; } | undefined' is not assignable to type 'ReactNode'.
  Type 'Date' is not assignable to type 'ReactNode'.
src/app/_components/search/SearchResults.tsx(113,7): error TS2375: Type '{ id: string; name: string; avatar: undefined; }' is not assignable to type '{ id: string; name: string; avatar?: string; }' with 'exactOptionalPropertyTypes: true'. Consider adding 'undefined' to the types of the target's properties.
  Types of property 'avatar' are incompatible.
    Type 'undefined' is not assignable to type 'string'.
src/app/_components/search/SearchResults.tsx(114,7): error TS2375: Type '{ id: string; name: string; avatar: undefined; }' is not assignable to type '{ id: string; name: string; avatar?: string; }' with 'exactOptionalPropertyTypes: true'. Consider adding 'undefined' to the types of the target's properties.
  Types of property 'avatar' are incompatible.
    Type 'undefined' is not assignable to type 'string'.
src/app/_components/search/SearchResults.tsx(153,7): error TS2375: Type '{ id: string; name: string; avatar: undefined; }' is not assignable to type '{ id: string; name: string; avatar?: string; }' with 'exactOptionalPropertyTypes: true'. Consider adding 'undefined' to the types of the target's properties.
  Types of property 'avatar' are incompatible.
    Type 'undefined' is not assignable to type 'string'.
src/app/_components/vendor/VendorForm.tsx(40,65): error TS2345: Argument of type '{ name: string; contactEmail: string; contactPhone: string; address: string; website: string; category: undefined; status: "active"; notes: string; }' is not assignable to parameter of type 'Partial<VendorType> | (() => Partial<VendorType>)'.
  Type '{ name: string; contactEmail: string; contactPhone: string; address: string; website: string; category: undefined; status: "active"; notes: string; }' is not assignable to type 'Partial<VendorType>' with 'exactOptionalPropertyTypes: true'. Consider adding 'undefined' to the types of the target's properties.
    Types of property 'category' are incompatible.
      Type 'undefined' is not assignable to type '"legal" | "technology" | "marketing" | "finance" | "hr" | "facilities" | "logistics" | "manufacturing" | "consulting" | "other"'.
src/app/_components/vendor/VendorForm.tsx(56,19): error TS2345: Argument of type '{ name: string; contactEmail: string; contactPhone: string; address: string; website: string; category: "legal" | "technology" | "marketing" | "finance" | "hr" | "facilities" | "logistics" | "manufacturing" | "consulting" | "other" | undefined; status: "inactive" | ... 1 more ... | "pending"; notes: string; }' is not assignable to parameter of type 'SetStateAction<Partial<VendorType>>'.
  Type '{ name: string; contactEmail: string; contactPhone: string; address: string; website: string; category: "legal" | "technology" | "marketing" | "finance" | "hr" | "facilities" | "logistics" | "manufacturing" | "consulting" | "other" | undefined; status: "inactive" | ... 1 more ... | "pending"; notes: string; }' is not assignable to type 'Partial<VendorType>' with 'exactOptionalPropertyTypes: true'. Consider adding 'undefined' to the types of the target's properties.
    Types of property 'category' are incompatible.
      Type '"legal" | "technology" | "marketing" | "finance" | "hr" | "facilities" | "logistics" | "manufacturing" | "consulting" | "other" | undefined' is not assignable to type '"legal" | "technology" | "marketing" | "finance" | "hr" | "facilities" | "logistics" | "manufacturing" | "consulting" | "other"'.
        Type 'undefined' is not assignable to type '"legal" | "technology" | "marketing" | "finance" | "hr" | "facilities" | "logistics" | "manufacturing" | "consulting" | "other"'.
src/app/_components/vendor/VendorForm.tsx(67,19): error TS2345: Argument of type '{ name: string; contactEmail: string; contactPhone: string; address: string; website: string; category: undefined; status: "active"; notes: string; }' is not assignable to parameter of type 'SetStateAction<Partial<VendorType>>'.
  Type '{ name: string; contactEmail: string; contactPhone: string; address: string; website: string; category: undefined; status: "active"; notes: string; }' is not assignable to type 'Partial<VendorType>' with 'exactOptionalPropertyTypes: true'. Consider adding 'undefined' to the types of the target's properties.
    Types of property 'category' are incompatible.
      Type 'undefined' is not assignable to type '"legal" | "technology" | "marketing" | "finance" | "hr" | "facilities" | "logistics" | "manufacturing" | "consulting" | "other"'.
src/app/_components/vendor/VendorForm.tsx(163,18): error TS2375: Type '{ children: Element[]; value: "legal" | "technology" | "marketing" | "finance" | "hr" | "facilities" | "logistics" | "manufacturing" | "consulting" | "other" | undefined; onValueChange: (value: string) => void; }' is not assignable to type '{ value?: string; defaultValue?: string; onValueChange?(value: string): void; }' with 'exactOptionalPropertyTypes: true'. Consider adding 'undefined' to the types of the target's properties.
  Types of property 'value' are incompatible.
    Type 'string | undefined' is not assignable to type 'string'.
      Type 'undefined' is not assignable to type 'string'.
src/app/_components/vendor/VendorForm.tsx(183,16): error TS2375: Type '{ children: Element[]; value: "inactive" | "active" | "pending" | undefined; onValueChange: (value: string) => void; }' is not assignable to type '{ value?: string; defaultValue?: string; onValueChange?(value: string): void; }' with 'exactOptionalPropertyTypes: true'. Consider adding 'undefined' to the types of the target's properties.
  Types of property 'value' are incompatible.
    Type 'string | undefined' is not assignable to type 'string'.
      Type 'undefined' is not assignable to type 'string'.
src/app/_components/vendor/VendorTable.tsx(124,36): error TS7006: Parameter 'vendor' implicitly has an 'any' type.
src/app/_components/vendor/VendorTable.tsx(151,20): error TS7006: Parameter 'a' implicitly has an 'any' type.
src/app/_components/vendor/VendorTable.tsx(151,23): error TS7006: Parameter 'b' implicitly has an 'any' type.
src/app/_components/vendor/VendorTable.tsx(431,42): error TS7006: Parameter 'vendor' implicitly has an 'any' type.
src/app/_components/workflow/ApprovalQueue.tsx(550,18): error TS2304: Cannot find name 'Label'.
src/app/_components/workflow/ApprovalQueue.tsx(550,113): error TS2304: Cannot find name 'Label'.
src/app/_components/workflow/WorkflowDesigner.tsx(463,27): error TS2322: Type '{ enabled: boolean; timeLimit?: number; escalateTo?: string[]; }' is not assignable to type '{ enabled: boolean; timeLimit: number; escalateTo: string[]; }'.
  Property 'timeLimit' is optional in type '{ enabled: boolean; timeLimit?: number; escalateTo?: string[]; }' but required in type '{ enabled: boolean; timeLimit: number; escalateTo: string[]; }'.
src/app/_components/workflow/WorkflowStatus.tsx(490,10): error TS2375: Type '{ key: string; execution: WorkflowExecution; variant: "compact" | "full"; onViewExecution: ((execution: WorkflowExecution) => void) | undefined; showDetails: boolean; }' is not assignable to type 'WorkflowStatusProps' with 'exactOptionalPropertyTypes: true'. Consider adding 'undefined' to the types of the target's properties.
  Types of property 'onViewExecution' are incompatible.
    Type '((execution: WorkflowExecution) => void) | undefined' is not assignable to type '(execution: WorkflowExecution) => void'.
      Type 'undefined' is not assignable to type '(execution: WorkflowExecution) => void'.
src/app/dashboard/agents/page.tsx(95,9): error TS2451: Cannot redeclare block-scoped variable 'handleCreateTestInsight'.
src/app/dashboard/agents/page.tsx(104,9): error TS2451: Cannot redeclare block-scoped variable 'handleMarkAsRead'.
src/app/dashboard/agents/page.tsx(117,9): error TS2451: Cannot redeclare block-scoped variable 'handleCreateTestInsight'.
src/app/dashboard/agents/page.tsx(126,9): error TS2451: Cannot redeclare block-scoped variable 'handleMarkAsRead'.
src/app/dashboard/contracts/active/page.tsx(28,20): error TS2339: Property 'contract_number' does not exist on type 'ContractType'.
src/app/dashboard/contracts/active/page.tsx(36,42): error TS2339: Property 'value' does not exist on type 'ContractType'.
src/app/dashboard/contracts/active/page.tsx(47,46): error TS2339: Property 'expires_at' does not exist on type 'ContractType'.
src/app/dashboard/contracts/active/page.tsx(112,31): error TS2339: Property 'id' does not exist on type 'ContractType'.
src/app/dashboard/contracts/active/page.tsx(118,37): error TS2339: Property 'contract_number' does not exist on type 'ContractType'.
src/app/dashboard/contracts/active/page.tsx(126,32): error TS2339: Property 'value' does not exist on type 'ContractType'.
src/app/dashboard/contracts/active/page.tsx(138,40): error TS2339: Property 'expires_at' does not exist on type 'ContractType'.
src/app/dashboard/contracts/archived/page.tsx(28,20): error TS2339: Property 'contract_number' does not exist on type 'ContractType'.
src/app/dashboard/contracts/archived/page.tsx(36,42): error TS2339: Property 'value' does not exist on type 'ContractType'.
src/app/dashboard/contracts/archived/page.tsx(46,41): error TS2339: Property 'archived_at' does not exist on type 'ContractType'.
src/app/dashboard/contracts/archived/page.tsx(108,31): error TS2339: Property 'id' does not exist on type 'ContractType'.
src/app/dashboard/contracts/archived/page.tsx(121,36): error TS2339: Property 'archived_at' does not exist on type 'ContractType'.
src/app/dashboard/contracts/archived/page.tsx(131,31): error TS2339: Property 'contract_number' does not exist on type 'ContractType'.
src/app/dashboard/contracts/archived/page.tsx(137,32): error TS2339: Property 'value' does not exist on type 'ContractType'.
src/app/dashboard/contracts/archived/page.tsx(149,40): error TS2339: Property 'expires_at' does not exist on type 'ContractType'.
src/app/dashboard/contracts/drafts/page.tsx(27,20): error TS2339: Property 'contract_number' does not exist on type 'ContractType'.
src/app/dashboard/contracts/drafts/page.tsx(44,34): error TS2339: Property 'updated_at' does not exist on type 'ContractType'.
src/app/dashboard/contracts/drafts/page.tsx(44,57): error TS2339: Property 'created_at' does not exist on type 'ContractType'.
src/app/dashboard/contracts/drafts/page.tsx(47,47): error TS2339: Property 'created_at' does not exist on type 'ContractType'.
src/app/dashboard/contracts/drafts/page.tsx(114,31): error TS2339: Property 'id' does not exist on type 'ContractType'.
src/app/dashboard/contracts/drafts/page.tsx(128,28): error TS2339: Property 'updated_at' does not exist on type 'ContractType'.
src/app/dashboard/contracts/drafts/page.tsx(128,51): error TS2339: Property 'created_at' does not exist on type 'ContractType'.
src/app/dashboard/contracts/drafts/page.tsx(139,31): error TS2339: Property 'contract_number' does not exist on type 'ContractType'.
src/app/dashboard/contracts/drafts/page.tsx(142,27): error TS2339: Property 'value' does not exist on type 'ContractType'.
src/app/dashboard/contracts/drafts/page.tsx(148,34): error TS2339: Property 'value' does not exist on type 'ContractType'.
src/app/dashboard/contracts/drafts/page.tsx(165,40): error TS2339: Property 'created_at' does not exist on type 'ContractType'.
src/app/dashboard/contracts/expired/page.tsx(27,20): error TS2339: Property 'contract_number' does not exist on type 'ContractType'.
src/app/dashboard/contracts/expired/page.tsx(35,42): error TS2339: Property 'value' does not exist on type 'ContractType'.
src/app/dashboard/contracts/expired/page.tsx(45,41): error TS2339: Property 'expires_at' does not exist on type 'ContractType'.
src/app/dashboard/contracts/expired/page.tsx(48,32): error TS2339: Property 'is_renewable' does not exist on type 'ContractType'.
src/app/dashboard/contracts/expired/page.tsx(48,57): error TS2339: Property 'auto_renewal' does not exist on type 'ContractType'.
src/app/dashboard/contracts/expired/page.tsx(116,31): error TS2339: Property 'id' does not exist on type 'ContractType'.
src/app/dashboard/contracts/expired/page.tsx(123,29): error TS2339: Property 'is_renewable' does not exist on type 'ContractType'.
src/app/dashboard/contracts/expired/page.tsx(135,47): error TS2339: Property 'expires_at' does not exist on type 'ContractType'.
src/app/dashboard/contracts/expired/page.tsx(145,31): error TS2339: Property 'contract_number' does not exist on type 'ContractType'.
src/app/dashboard/contracts/expired/page.tsx(151,32): error TS2339: Property 'value' does not exist on type 'ContractType'.
src/app/dashboard/contracts/expired/page.tsx(163,40): error TS2339: Property 'start_date' does not exist on type 'ContractType'.
src/app/dashboard/contracts/expired/page.tsx(164,40): error TS2339: Property 'expires_at' does not exist on type 'ContractType'.
src/app/dashboard/contracts/expired/page.tsx(168,25): error TS2339: Property 'is_renewable' does not exist on type 'ContractType'.
src/app/dashboard/contracts/page.tsx(67,42): error TS7006: Parameter 'party' implicitly has an 'any' type.
src/app/dashboard/contracts/pending/page.tsx(19,25): error TS2367: This comparison appears to be unintentional because the types 'ContractStatus' and '"pending_signature"' have no overlap.
src/app/dashboard/contracts/pending/page.tsx(27,20): error TS2339: Property 'contract_number' does not exist on type 'ContractType'.
src/app/dashboard/contracts/pending/page.tsx(40,43): error TS2339: Property 'signature_due_date' does not exist on type 'ContractType'.
src/app/dashboard/contracts/pending/page.tsx(44,41): error TS2339: Property 'sent_for_signature_at' does not exist on type 'ContractType'.
src/app/dashboard/contracts/pending/page.tsx(47,32): error TS2339: Property 'awaiting_counterparty' does not exist on type 'ContractType'.
src/app/dashboard/contracts/pending/page.tsx(123,31): error TS2339: Property 'id' does not exist on type 'ContractType'.
src/app/dashboard/contracts/pending/page.tsx(141,36): error TS2339: Property 'signature_due_date' does not exist on type 'ContractType'.
src/app/dashboard/contracts/pending/page.tsx(151,31): error TS2339: Property 'contract_number' does not exist on type 'ContractType'.
src/app/dashboard/contracts/pending/page.tsx(164,32): error TS2339: Property 'sent_for_signature_at' does not exist on type 'ContractType'.
src/app/dashboard/contracts/pending/page.tsx(173,31): error TS2339: Property 'pending_signers' does not exist on type 'ContractType'.
src/app/dashboard/settings/enterprise/page.tsx(120,21): error TS2322: Type '{ children: Element; requiredRole: string; }' is not assignable to type 'IntrinsicAttributes & PermissionGateProps'.
  Property 'requiredRole' does not exist on type 'IntrinsicAttributes & PermissionGateProps'.
src/app/dashboard/settings/layout.tsx(129,53): error TS2322: Type '{ children: Element; key: string; requiredRole: string; allowedRoles: string[]; }' is not assignable to type 'IntrinsicAttributes & PermissionGateProps'.
  Property 'requiredRole' does not exist on type 'IntrinsicAttributes & PermissionGateProps'.
src/app/dashboard/settings/layout.tsx(130,24): error TS2375: Type '{ children: Element[]; href: string; className: string; onClick: ((e: MouseEvent<HTMLAnchorElement, MouseEvent>) => void) | undefined; }' is not assignable to type 'InternalLinkProps' with 'exactOptionalPropertyTypes: true'. Consider adding 'undefined' to the types of the target's properties.
  Types of property 'onClick' are incompatible.
    Type '((e: MouseEvent<HTMLAnchorElement, MouseEvent>) => void) | undefined' is not assignable to type 'MouseEventHandler<HTMLAnchorElement>'.
      Type 'undefined' is not assignable to type 'MouseEventHandler<HTMLAnchorElement>'.
src/app/dashboard/settings/users/page.tsx(93,39): error TS7006: Parameter 'user' implicitly has an 'any' type.
src/app/dashboard/settings/users/page.tsx(145,21): error TS2322: Type '{ children: Element; requiredRole: string; }' is not assignable to type 'IntrinsicAttributes & PermissionGateProps'.
  Property 'requiredRole' does not exist on type 'IntrinsicAttributes & PermissionGateProps'.
src/app/dashboard/settings/users/page.tsx(177,68): error TS7006: Parameter 'u' implicitly has an 'any' type.
src/app/dashboard/settings/users/page.tsx(188,68): error TS7006: Parameter 'u' implicitly has an 'any' type.
src/app/dashboard/settings/users/page.tsx(199,68): error TS7006: Parameter 'u' implicitly has an 'any' type.
src/app/dashboard/settings/users/page.tsx(260,35): error TS7006: Parameter 'user' implicitly has an 'any' type.
src/app/dashboard/vendors/active/page.tsx(83,13): error TS2375: Type '{ _id: any; enterpriseId: any; name: string; contactEmail: string | undefined; contactPhone: string | undefined; address: string | undefined; website: string | undefined; category: "legal" | ... 9 more ... | undefined; ... 7 more ...; _creationTime: number; }' is not assignable to type 'VendorType' with 'exactOptionalPropertyTypes: true'. Consider adding 'undefined' to the types of the target's properties.
  Types of property 'contactEmail' are incompatible.
    Type 'string | undefined' is not assignable to type 'string'.
      Type 'undefined' is not assignable to type 'string'.
src/app/dashboard/vendors/inactive/page.tsx(37,16): error TS2339: Property 'email' does not exist on type 'VendorType'.
src/app/dashboard/vendors/inactive/page.tsx(44,41): error TS2769: No overload matches this call.
  Overload 1 of 4, '(value: string | number | Date): Date', gave the following error.
    Argument of type 'string | undefined' is not assignable to parameter of type 'string | number | Date'.
      Type 'undefined' is not assignable to type 'string | number | Date'.
  Overload 2 of 4, '(value: string | number): Date', gave the following error.
    Argument of type 'string | undefined' is not assignable to parameter of type 'string | number'.
      Type 'undefined' is not assignable to type 'string | number'.
src/app/dashboard/vendors/inactive/page.tsx(76,44): error TS2769: No overload matches this call.
  Overload 1 of 4, '(value: string | number | Date): Date', gave the following error.
    Argument of type 'string | undefined' is not assignable to parameter of type 'string | number | Date'.
      Type 'undefined' is not assignable to type 'string | number | Date'.
  Overload 2 of 4, '(value: string | number): Date', gave the following error.
    Argument of type 'string | undefined' is not assignable to parameter of type 'string | number'.
      Type 'undefined' is not assignable to type 'string | number'.
src/app/dashboard/vendors/inactive/page.tsx(193,25): error TS2339: Property 'id' does not exist on type 'VendorType'.
src/app/dashboard/vendors/inactive/page.tsx(222,31): error TS2769: No overload matches this call.
  Overload 1 of 4, '(value: string | number | Date): Date', gave the following error.
    Argument of type 'string | undefined' is not assignable to parameter of type 'string | number | Date'.
      Type 'undefined' is not assignable to type 'string | number | Date'.
  Overload 2 of 4, '(value: string | number): Date', gave the following error.
    Argument of type 'string | undefined' is not assignable to parameter of type 'string | number'.
      Type 'undefined' is not assignable to type 'string | number'.
src/app/dashboard/vendors/page.tsx(40,16): error TS2339: Property 'email' does not exist on type 'VendorType'.
src/app/dashboard/vendors/page.tsx(76,13): error TS2375: Type '{ _id: any; enterpriseId: any; name: string; contactEmail: string | undefined; contactPhone: string | undefined; address: string | undefined; website: string | undefined; category: "legal" | ... 9 more ... | undefined; ... 7 more ...; _creationTime: number; }' is not assignable to type 'VendorType' with 'exactOptionalPropertyTypes: true'. Consider adding 'undefined' to the types of the target's properties.
  Types of property 'contactEmail' are incompatible.
    Type 'string | undefined' is not assignable to type 'string'.
      Type 'undefined' is not assignable to type 'string'.
src/app/layout.tsx(20,6): error TS2375: Type '{ children: Element; publishableKey: string | undefined; }' is not assignable to type 'IntrinsicAttributes & Without<NextClerkProviderProps, "__unstable_invokeMiddlewareOnAuthStateChange">' with 'exactOptionalPropertyTypes: true'. Consider adding 'undefined' to the types of the target's properties.
  Type '{ children: Element; publishableKey: string | undefined; }' is missing the following properties from type 'Without<Without<Without<PendingSessionOptions & { routerPush: RouterFn; routerReplace: RouterFn; routerDebug?: boolean; } & SignInForceRedirectUrl & ... 7 more ... & { ...; }, "isSatellite"> & { ...; } & { ...; } & { ...; }, "publishableKey"> & { ...; }, "__unstable_invokeMiddlewareOnAuthStateChange">': routerPush, routerReplace, isSatellite, proxyUrl
src/components/compound/DataTable.tsx(34,28): error TS2375: Type '{ sortField: string | undefined; sortDirection: "asc" | "desc" | undefined; onSort: ((field: string) => void) | undefined; }' is not assignable to type 'TableContextType' with 'exactOptionalPropertyTypes: true'. Consider adding 'undefined' to the types of the target's properties.
  Types of property 'sortField' are incompatible.
    Type 'string | undefined' is not assignable to type 'string'.
      Type 'undefined' is not assignable to type 'string'.
src/components/compound/Form.tsx(169,6): error TS2375: Type '{ children: Element[]; value: string | undefined; onValueChange: ((value: string) => void) | undefined; }' is not assignable to type '{ value?: string; defaultValue?: string; onValueChange?(value: string): void; }' with 'exactOptionalPropertyTypes: true'. Consider adding 'undefined' to the types of the target's properties.
  Types of property 'value' are incompatible.
    Type 'string | undefined' is not assignable to type 'string'.
      Type 'undefined' is not assignable to type 'string'.
src/components/ui/dropdown-menu.tsx(92,6): error TS2375: Type '{ children: (ReactNode | Element)[]; disabled?: boolean; id?: string | undefined; title?: string | undefined; key?: Key | null | undefined; role?: AriaRole | undefined; ... 280 more ...; checked: CheckedState | undefined; }' is not assignable to type 'DropdownMenuCheckboxItemProps' with 'exactOptionalPropertyTypes: true'. Consider adding 'undefined' to the types of the target's properties.
  Types of property 'checked' are incompatible.
    Type 'CheckedState | undefined' is not assignable to type 'CheckedState'.
      Type 'undefined' is not assignable to type 'CheckedState'.
src/components/ui/progress.tsx(4,36): error TS2307: Cannot find module '@radix-ui/react-progress' or its corresponding type declarations.
src/hooks/useConvexWithMonitoring.ts(16,46): error TS2339: Property '_name' does not exist on type 'Mutation'.
src/hooks/useConvexWithMonitoring.ts(38,39): error TS2339: Property '_name' does not exist on type 'Query'.
src/hooks/useConvexWithMonitoring.ts(63,39): error TS2339: Property '_name' does not exist on type 'Query'.
src/lib/error-handler.ts(208,40): error TS2314: Generic type 'ConvexError<TData>' requires 1 type argument(s).
src/lib/error-handler.ts(217,44): error TS2314: Generic type 'ConvexError<TData>' requires 1 type argument(s).
src/lib/error-handler.ts(225,41): error TS2314: Generic type 'ConvexError<TData>' requires 1 type argument(s).
src/lib/error-handler.ts(257,43): error TS2314: Generic type 'ConvexError<TData>' requires 1 type argument(s).
src/lib/error-handler.ts(276,46): error TS2314: Generic type 'ConvexError<TData>' requires 1 type argument(s).
src/lib/error-handler.ts(283,47): error TS2314: Generic type 'ConvexError<TData>' requires 1 type argument(s).
src/lib/error-handler.ts(287,7): error TS2353: Object literal may only specify known properties, and 'category' does not exist in type 'ErrorContext'.
src/lib/error-handler.ts(291,52): error TS2314: Generic type 'ConvexError<TData>' requires 1 type argument(s).
src/lib/monitoring.ts(3,10): error TS2305: Module '"web-vitals"' has no exported member 'getCLS'.
src/lib/monitoring.ts(3,18): error TS2305: Module '"web-vitals"' has no exported member 'getFID'.
src/lib/monitoring.ts(3,26): error TS2305: Module '"web-vitals"' has no exported member 'getFCP'.
src/lib/monitoring.ts(3,34): error TS2305: Module '"web-vitals"' has no exported member 'getLCP'.
src/lib/monitoring.ts(3,42): error TS2305: Module '"web-vitals"' has no exported member 'getTTFB'.
src/lib/monitoring.ts(3,65): error TS2305: Module '"web-vitals"' has no exported member 'onFID'.
src/lib/monitoring.ts(29,12): error TS7006: Parameter 'metric' implicitly has an 'any' type.
src/lib/monitoring.ts(197,11): error TS2375: Type '{ event: string; timestamp: number; url: string; userId: string | undefined; properties: Record<string, any> | undefined; sessionId: string; }' is not assignable to type 'UserEvent' with 'exactOptionalPropertyTypes: true'. Consider adding 'undefined' to the types of the target's properties.
  Types of property 'userId' are incompatible.
    Type 'string | undefined' is not assignable to type 'string'.
      Type 'undefined' is not assignable to type 'string'.
src/lib/monitoring.ts(324,11): error TS2375: Type '{ error: Error; timestamp: number; url: string; userId: string | undefined; sessionId: string; userAgent: string; context: Record<string, any> | undefined; }' is not assignable to type 'ErrorReport' with 'exactOptionalPropertyTypes: true'. Consider adding 'undefined' to the types of the target's properties.
  Types of property 'userId' are incompatible.
    Type 'string | undefined' is not assignable to type 'string'.
      Type 'undefined' is not assignable to type 'string'.
src/lib/monitoring.ts(611,39): error TS2345: Argument of type '{ level: "debug" | "error" | "info" | "warning" | "fatal"; extra: Record<string, any> | undefined; fingerprint: string[] | undefined; }' is not assignable to parameter of type 'ExclusiveEventHintOrCaptureContext | undefined'.
  Type '{ level: "debug" | "error" | "info" | "warning" | "fatal"; extra: Record<string, any> | undefined; fingerprint: string[] | undefined; }' is not assignable to type 'Partial<ScopeContext> & Partial<{ event_id?: never; captureContext?: never; mechanism?: never; syntheticException?: never; originalException?: never; attachments?: never; data?: never; integrations?: never; }>' with 'exactOptionalPropertyTypes: true'. Consider adding 'undefined' to the types of the target's properties.
    Type '{ level: "debug" | "error" | "info" | "warning" | "fatal"; extra: Record<string, any> | undefined; fingerprint: string[] | undefined; }' is not assignable to type 'Partial<ScopeContext>' with 'exactOptionalPropertyTypes: true'. Consider adding 'undefined' to the types of the target's properties.
      Types of property 'extra' are incompatible.
        Type 'Record<string, any> | undefined' is not assignable to type 'Extras'.
          Type 'undefined' is not assignable to type 'Extras'.
src/lib/monitoring.ts(638,26): error TS2379: Argument of type '{ category: string; message: string; level: "info"; data: Record<string, string> | undefined; }' is not assignable to parameter of type 'Breadcrumb' with 'exactOptionalPropertyTypes: true'. Consider adding 'undefined' to the types of the target's properties.
  Types of property 'data' are incompatible.
    Type 'Record<string, string> | undefined' is not assignable to type '{ [key: string]: any; }'.
      Type 'undefined' is not assignable to type '{ [key: string]: any; }'.
src/lib/utils/parsing.ts(127,9): error TS2322: Type 'string | undefined' is not assignable to type 'string'.
  Type 'undefined' is not assignable to type 'string'.
src/lib/validation-utils.ts(2,19): error TS2307: Cannot find module 'zod' or its corresponding type declarations.
src/lib/validation-utils.ts(51,12): error TS7006: Parameter 'url' implicitly has an 'any' type.
src/lib/validation-utils.ts(55,12): error TS7006: Parameter 'url' implicitly has an 'any' type.
src/lib/validation-utils.ts(64,12): error TS7006: Parameter 'email' implicitly has an 'any' type.
src/lib/validation-utils.ts(89,17): error TS7006: Parameter 'val' implicitly has an 'any' type.
src/lib/validation-utils.ts(121,17): error TS7006: Parameter 'val' implicitly has an 'any' type.
src/lib/validation-utils.ts(126,17): error TS7006: Parameter 'val' implicitly has an 'any' type.
src/lib/validation-utils.ts(146,17): error TS7006: Parameter 'val' implicitly has an 'any' type.
src/lib/validation-utils.ts(151,17): error TS7006: Parameter 'val' implicitly has an 'any' type.
src/lib/validation-utils.ts(192,37): error TS18046: 'error' is of type 'unknown'.
src/lib/zod-schemas.ts(1,19): error TS2307: Cannot find module 'zod' or its corresponding type declarations.
src/middleware.ts(24,12): error TS2532: Object is possibly 'undefined'.
src/middleware.ts(31,18): error TS2339: Property 'ip' does not exist on type 'NextRequest'.
src/stores/contract-store.ts(92,22): error TS2339: Property 'id' does not exist on type 'ContractType'.
src/stores/contract-store.ts(99,68): error TS2339: Property 'id' does not exist on type 'ContractType'.
src/stores/contract-store.ts(219,23): error TS7030: Not all code paths return a value.
src/stores/contract-store.ts(256,15): error TS2353: Object literal may only specify known properties, and 'id' does not exist in type 'VendorType'.
src/stores/contract-store.ts(304,11): error TS18048: 'contract.vendor' is possibly 'undefined'.
src/stores/contract-store.ts(305,20): error TS2339: Property 'type' does not exist on type 'ContractType'.
src/styles/tokens.ts(381,17): error TS2345: Argument of type 'string | undefined' is not assignable to parameter of type 'string'.
  Type 'undefined' is not assignable to type 'string'.
src/styles/tokens.ts(382,17): error TS2345: Argument of type 'string | undefined' is not assignable to parameter of type 'string'.
  Type 'undefined' is not assignable to type 'string'.
src/styles/tokens.ts(383,17): error TS2345: Argument of type 'string | undefined' is not assignable to parameter of type 'string'.
  Type 'undefined' is not assignable to type 'string'.
src/types/core-entities.ts(103,23): error TS2304: Cannot find name 'TableNames'.
src/types/core-entities.ts(106,21): error TS2304: Cannot find name 'TableNames'.
src/types/core-entities.ts(120,24): error TS2304: Cannot find name 'TableNames'.
src/types/core-entities.ts(124,23): error TS2304: Cannot find name 'TableNames'.
src/types/core-entities.ts(128,25): error TS2304: Cannot find name 'TableNames'.
src/types/core-entities.ts(313,18): error TS2430: Interface 'TypedNotification' incorrectly extends interface '{ _id: Id<"notifications">; _creationTime: number; lastError?: string; contractId?: Id<"contracts">; vendorId?: Id<"vendors">; readAt?: string; scheduledFor?: string; taskId?: Id<"agentTasks">; ... 15 more ...; channels: ("in_app" | ... 1 more ... | "sms")[]; }'.
  Types of property 'status' are incompatible.
    Type '"pending" | "failed" | "sent" | "read"' is not assignable to type '"pending" | "failed" | "scheduled" | "sending" | "delivered" | "failed_permanently" | "batched" | "batched_sent" | "archived"'.
      Type '"sent"' is not assignable to type '"pending" | "failed" | "scheduled" | "sending" | "delivered" | "failed_permanently" | "batched" | "batched_sent" | "archived"'.
